0 info it worked if it ends with ok
1 verbose cli [ '/usr/local/bin/node',
1 verbose cli   '/usr/local/bin/npm',
1 verbose cli   'install',
1 verbose cli   'qiniu',
1 verbose cli   '--save' ]
2 info using npm@3.10.10
3 info using node@v6.11.0
4 silly loadCurrentTree Starting
5 silly install loadCurrentTree
6 silly install readLocalPackageData
7 silly fetchPackageMetaData qiniu
8 silly fetchNamedPackageData qiniu
9 silly mapToRegistry name qiniu
10 silly mapToRegistry using default registry
11 silly mapToRegistry registry https://registry.npm.taobao.org/
12 silly mapToRegistry data Result {
12 silly mapToRegistry   raw: 'qiniu',
12 silly mapToRegistry   scope: null,
12 silly mapToRegistry   escapedName: 'qiniu',
12 silly mapToRegistry   name: 'qiniu',
12 silly mapToRegistry   rawSpec: '',
12 silly mapToRegistry   spec: 'latest',
12 silly mapToRegistry   type: 'tag' }
13 silly mapToRegistry uri https://registry.npm.taobao.org/qiniu
14 verbose request uri https://registry.npm.taobao.org/qiniu
15 verbose request no auth needed
16 info attempt registry request try #1 at 11:37:02
17 verbose request id 7f36cb5f9604c4cf
18 verbose etag "c4d0-hINOB2Gdq6t2Oqt0N5frmCTYc10"
19 http request GET https://registry.npm.taobao.org/qiniu
20 http 304 https://registry.npm.taobao.org/qiniu
21 verbose headers { date: 'Fri, 10 Nov 2017 03:37:02 GMT',
21 verbose headers   connection: 'keep-alive',
21 verbose headers   'x-current-requests': '1',
21 verbose headers   etag: '"c4d0-hINOB2Gdq6t2Oqt0N5frmCTYc10"',
21 verbose headers   'x-readtime': '14' }
22 silly get cb [ 304,
22 silly get   { date: 'Fri, 10 Nov 2017 03:37:02 GMT',
22 silly get     connection: 'keep-alive',
22 silly get     'x-current-requests': '1',
22 silly get     etag: '"c4d0-hINOB2Gdq6t2Oqt0N5frmCTYc10"',
22 silly get     'x-readtime': '14' } ]
23 verbose etag https://registry.npm.taobao.org/qiniu from cache
24 verbose get saving qiniu to /Users/xyloveqx/.npm/registry.npm.taobao.org/qiniu/.cache.json
25 verbose correctMkdir /Users/xyloveqx/.npm correctMkdir not in flight; initializing
26 silly install normalizeTree
27 silly loadCurrentTree Finishing
28 silly loadIdealTree Starting
29 silly install loadIdealTree
30 silly cloneCurrentTree Starting
31 silly install cloneCurrentTreeToIdealTree
32 silly cloneCurrentTree Finishing
33 silly loadShrinkwrap Starting
34 silly install loadShrinkwrap
35 silly loadShrinkwrap Finishing
36 silly loadAllDepsIntoIdealTree Starting
37 silly install loadAllDepsIntoIdealTree
38 silly rollbackFailedOptional Starting
39 silly rollbackFailedOptional Finishing
40 silly runTopLevelLifecycles Finishing
41 silly install printInstalled
42 verbose stack Error: Refusing to install qiniu as a dependency of itself
42 verbose stack     at checkSelf (/usr/local/lib/node_modules/npm/lib/install/validate-args.js:53:14)
42 verbose stack     at Array.<anonymous> (/usr/local/lib/node_modules/npm/node_modules/slide/lib/bind-actor.js:15:8)
42 verbose stack     at LOOP (/usr/local/lib/node_modules/npm/node_modules/slide/lib/chain.js:15:14)
42 verbose stack     at chain (/usr/local/lib/node_modules/npm/node_modules/slide/lib/chain.js:20:5)
42 verbose stack     at /usr/local/lib/node_modules/npm/lib/install/validate-args.js:16:5
42 verbose stack     at /usr/local/lib/node_modules/npm/node_modules/slide/lib/async-map.js:52:35
42 verbose stack     at Array.forEach (native)
42 verbose stack     at /usr/local/lib/node_modules/npm/node_modules/slide/lib/async-map.js:52:11
42 verbose stack     at Array.forEach (native)
42 verbose stack     at asyncMap (/usr/local/lib/node_modules/npm/node_modules/slide/lib/async-map.js:51:8)
43 verbose cwd /Users/xyloveqx/WHEEL/node115/qiniu
44 error Darwin 16.4.0
45 error argv "/usr/local/bin/node" "/usr/local/bin/npm" "install" "qiniu" "--save"
46 error node v6.11.0
47 error npm  v3.10.10
48 error code ENOSELF
49 error Refusing to install qiniu as a dependency of itself
50 error If you need help, you may report this error at:
50 error     <https://github.com/npm/npm/issues>
51 verbose exit [ 1, true ]
