18 Dec 2017 22:42:38 send_email.py[line:22]DEBUG debug message
18 Dec 2017 22:42:38 send_email.py[line:23]INFO info message
18 Dec 2017 22:42:38 send_email.py[line:24]WARNING warning message
18 Dec 2017 22:42:38 send_email.py[line:25]ERROR error message
18 Dec 2017 22:42:38 send_email.py[line:26]CRITICAL critical message
18 Dec 2017 22:42:38 send_email.py[line:28]INFO 初始化成功
18 Dec 2017 22:43:24 certificate.py[line:19]INFO 邮件发送成功江小咏:['2227006164@qq.com']

18 Dec 2017 22:46:47 send_email.py[line:23]INFO 初始化成功
18 Dec 2017 22:50:58 send_email.py[line:23]INFO 初始化成功
18 Dec 2017 22:51:36 send_email.py[line:23]INFO 初始化成功
18 Dec 2017 22:52:59 send_email.py[line:23]INFO 初始化成功
18 Dec 2017 22:53:19 certificate.py[line:19]INFO 邮件发送成功江小咏:['2227006164@qq.com']

18 Dec 2017 22:53:58 send_email.py[line:23]INFO 初始化成功
18 Dec 2017 22:54:49 send_email.py[line:23]INFO 初始化成功
18 Dec 2017 22:57:04 certificate.py[line:19]INFO 邮件发送成功江小咏:['2227006164@qq.com']

18 Dec 2017 22:59:42 send_email.py[line:23]INFO 初始化成功
18 Dec 2017 23:03:16 certificate.py[line:19]INFO 邮件发送成功江小咏:['2227006164@qq.com', 'jyx418@126.com']

18 Dec 2017 23:16:43 send_email.py[line:23]INFO 初始化成功
18 Dec 2017 23:20:02 certificate.py[line:19]INFO 邮件发送成功江小咏:jyx418@126.com

19 Dec 2017 10:06:42 send_email.py[line:23]INFO 初始化成功
19 Dec 2017 10:06:47 certificate.py[line:19]INFO 邮件发送成功江小咏:jyx418@126.com

19 Dec 2017 10:09:02 send_email.py[line:23]INFO 初始化成功
19 Dec 2017 10:09:15 certificate.py[line:19]INFO 邮件发送成功江小咏:jyx418@126.com

19 Dec 2017 10:10:36 send_email.py[line:23]INFO 初始化成功
19 Dec 2017 10:10:40 certificate.py[line:19]INFO 邮件发送成功江小咏:2227006164@qq.com

19 Dec 2017 10:22:47 send_email.py[line:23]INFO 初始化成功
19 Dec 2017 10:22:59 certificate.py[line:19]INFO 邮件发送成功江小咏:2227006164@qq.com

19 Dec 2017 10:24:34 send_email.py[line:23]INFO 初始化成功
19 Dec 2017 10:24:40 certificate.py[line:19]INFO 邮件发送成功江小咏:jyx418@126.com

19 Dec 2017 10:26:41 send_email.py[line:23]INFO 初始化成功
19 Dec 2017 10:26:47 certificate.py[line:19]INFO 邮件发送成功江小咏:jyx418@126.com

19 Dec 2017 10:36:14 send_email.py[line:23]INFO 初始化成功
19 Dec 2017 10:37:12 send_email.py[line:23]INFO 初始化成功
19 Dec 2017 10:37:56 send_email.py[line:23]INFO 初始化成功
19 Dec 2017 10:39:11 send_email.py[line:23]INFO 初始化成功
19 Dec 2017 10:42:10 send_email.py[line:23]INFO 初始化成功
19 Dec 2017 10:42:10 connectionpool.py[line:208]DEBUG Starting new HTTP connection (1): localhost
19 Dec 2017 10:42:40 connectionpool.py[line:396]DEBUG http://localhost:60197 "GET http://52kantu.cn/static/photos/full/5f483af86df016c855cb9af9b76c7f4271f700c2.jpg HTTP/1.1" 503 5482
19 Dec 2017 10:45:39 send_email.py[line:23]INFO 初始化成功
19 Dec 2017 10:45:39 connectionpool.py[line:208]DEBUG Starting new HTTP connection (1): localhost
19 Dec 2017 10:45:40 connectionpool.py[line:396]DEBUG http://localhost:60197 "GET http://file.ichazuo.cn/14865480912e92962c0b6996add9517e4242ea9bdc.png HTTP/1.1" 200 103752
19 Dec 2017 10:51:29 connectionpool.py[line:208]DEBUG Starting new HTTP connection (1): localhost
19 Dec 2017 10:51:29 connectionpool.py[line:396]DEBUG http://localhost:60197 "GET http://file.ichazuo.cn/14865480912e92962c0b6996add9517e4242ea9bdc.png HTTP/1.1" 200 103752
19 Dec 2017 10:51:30 connectionpool.py[line:208]DEBUG Starting new HTTP connection (1): localhost
19 Dec 2017 10:51:30 connectionpool.py[line:396]DEBUG http://localhost:60197 "GET http://file.ichazuo.cn/14865480912e92962c0b6996add9517e4242ea9bdc.png HTTP/1.1" 200 103752
19 Dec 2017 10:51:32 PngImagePlugin.py[line:130]DEBUG STREAM b'IHDR' 16 13
19 Dec 2017 10:51:32 PngImagePlugin.py[line:130]DEBUG STREAM b'tEXt' 41 25
19 Dec 2017 10:51:32 PngImagePlugin.py[line:130]DEBUG STREAM b'iTXt' 78 888
19 Dec 2017 10:51:32 PngImagePlugin.py[line:130]DEBUG STREAM b'IDAT' 978 102758
19 Dec 2017 10:52:42 connectionpool.py[line:208]DEBUG Starting new HTTP connection (1): localhost
19 Dec 2017 10:52:42 connectionpool.py[line:396]DEBUG http://localhost:60197 "GET http://file.ichazuo.cn/14865480912e92962c0b6996add9517e4242ea9bdc.png HTTP/1.1" 200 103752
19 Dec 2017 10:52:43 connectionpool.py[line:208]DEBUG Starting new HTTP connection (1): localhost
19 Dec 2017 10:52:43 connectionpool.py[line:396]DEBUG http://localhost:60197 "GET http://file.ichazuo.cn/14865480912e92962c0b6996add9517e4242ea9bdc.png HTTP/1.1" 200 103752
19 Dec 2017 10:52:44 PngImagePlugin.py[line:130]DEBUG STREAM b'IHDR' 16 13
19 Dec 2017 10:52:44 PngImagePlugin.py[line:130]DEBUG STREAM b'tEXt' 41 25
19 Dec 2017 10:52:44 PngImagePlugin.py[line:130]DEBUG STREAM b'iTXt' 78 888
19 Dec 2017 10:52:44 PngImagePlugin.py[line:130]DEBUG STREAM b'IDAT' 978 102758
19 Dec 2017 10:53:30 connectionpool.py[line:208]DEBUG Starting new HTTP connection (1): localhost
19 Dec 2017 10:53:32 connectionpool.py[line:396]DEBUG http://localhost:60197 "GET http://file.ichazuo.cn/14865480912e92962c0b6996add9517e4242ea9bdc.png HTTP/1.1" 200 103752
19 Dec 2017 10:53:37 connectionpool.py[line:208]DEBUG Starting new HTTP connection (1): localhost
19 Dec 2017 10:53:38 connectionpool.py[line:396]DEBUG http://localhost:60197 "GET http://file.ichazuo.cn/14865480912e92962c0b6996add9517e4242ea9bdc.png HTTP/1.1" 200 103752
19 Dec 2017 10:53:53 PngImagePlugin.py[line:130]DEBUG STREAM b'IHDR' 16 13
19 Dec 2017 10:53:53 PngImagePlugin.py[line:130]DEBUG STREAM b'tEXt' 41 25
19 Dec 2017 10:53:53 PngImagePlugin.py[line:130]DEBUG STREAM b'iTXt' 78 888
19 Dec 2017 10:53:53 PngImagePlugin.py[line:130]DEBUG STREAM b'IDAT' 978 102758
19 Dec 2017 10:55:23 connectionpool.py[line:208]DEBUG Starting new HTTP connection (1): localhost
19 Dec 2017 10:55:25 connectionpool.py[line:396]DEBUG http://localhost:60197 "GET http://file.ichazuo.cn/14865480912e92962c0b6996add9517e4242ea9bdc.png HTTP/1.1" 200 103752
19 Dec 2017 10:55:26 connectionpool.py[line:208]DEBUG Starting new HTTP connection (1): localhost
19 Dec 2017 10:55:27 connectionpool.py[line:396]DEBUG http://localhost:60197 "GET http://file.ichazuo.cn/14865480912e92962c0b6996add9517e4242ea9bdc.png HTTP/1.1" 200 103752
19 Dec 2017 10:55:28 PngImagePlugin.py[line:130]DEBUG STREAM b'IHDR' 16 13
19 Dec 2017 10:55:28 PngImagePlugin.py[line:130]DEBUG STREAM b'tEXt' 41 25
19 Dec 2017 10:55:28 PngImagePlugin.py[line:130]DEBUG STREAM b'iTXt' 78 888
19 Dec 2017 10:55:28 PngImagePlugin.py[line:130]DEBUG STREAM b'IDAT' 978 102758
19 Dec 2017 10:57:11 connectionpool.py[line:208]DEBUG Starting new HTTP connection (1): localhost
19 Dec 2017 10:57:11 connectionpool.py[line:396]DEBUG http://localhost:60197 "GET http://file.ichazuo.cn/14865480912e92962c0b6996add9517e4242ea9bdc.png HTTP/1.1" 200 103752
19 Dec 2017 10:57:12 PngImagePlugin.py[line:130]DEBUG STREAM b'IHDR' 16 13
19 Dec 2017 10:57:12 PngImagePlugin.py[line:130]DEBUG STREAM b'tEXt' 41 25
19 Dec 2017 10:57:12 PngImagePlugin.py[line:130]DEBUG STREAM b'iTXt' 78 888
19 Dec 2017 10:57:12 PngImagePlugin.py[line:130]DEBUG STREAM b'IDAT' 978 102758
19 Dec 2017 10:57:49 connectionpool.py[line:208]DEBUG Starting new HTTP connection (1): localhost
19 Dec 2017 10:57:49 connectionpool.py[line:396]DEBUG http://localhost:60197 "GET http://file.ichazuo.cn/14865480912e92962c0b6996add9517e4242ea9bdc.png HTTP/1.1" 200 103752
19 Dec 2017 10:57:50 PngImagePlugin.py[line:130]DEBUG STREAM b'IHDR' 16 13
19 Dec 2017 10:57:50 PngImagePlugin.py[line:130]DEBUG STREAM b'tEXt' 41 25
19 Dec 2017 10:57:50 PngImagePlugin.py[line:130]DEBUG STREAM b'iTXt' 78 888
19 Dec 2017 10:57:50 PngImagePlugin.py[line:130]DEBUG STREAM b'IDAT' 978 102758
19 Dec 2017 10:58:15 connectionpool.py[line:208]DEBUG Starting new HTTP connection (1): localhost
19 Dec 2017 10:58:15 connectionpool.py[line:396]DEBUG http://localhost:60197 "GET http://file.ichazuo.cn/14865480912e92962c0b6996add9517e4242ea9bdc.png HTTP/1.1" 200 103752
19 Dec 2017 10:58:16 PngImagePlugin.py[line:130]DEBUG STREAM b'IHDR' 16 13
19 Dec 2017 10:58:16 PngImagePlugin.py[line:130]DEBUG STREAM b'tEXt' 41 25
19 Dec 2017 10:58:16 PngImagePlugin.py[line:130]DEBUG STREAM b'iTXt' 78 888
19 Dec 2017 10:58:16 PngImagePlugin.py[line:130]DEBUG STREAM b'IDAT' 978 102758
19 Dec 2017 10:58:32 connectionpool.py[line:208]DEBUG Starting new HTTP connection (1): localhost
19 Dec 2017 10:58:32 connectionpool.py[line:396]DEBUG http://localhost:60197 "GET http://file.ichazuo.cn/14865480912e92962c0b6996add9517e4242ea9bdc.png HTTP/1.1" 200 103752
19 Dec 2017 10:58:33 PngImagePlugin.py[line:130]DEBUG STREAM b'IHDR' 16 13
19 Dec 2017 10:58:33 PngImagePlugin.py[line:130]DEBUG STREAM b'tEXt' 41 25
19 Dec 2017 10:58:33 PngImagePlugin.py[line:130]DEBUG STREAM b'iTXt' 78 888
19 Dec 2017 10:58:33 PngImagePlugin.py[line:130]DEBUG STREAM b'IDAT' 978 102758
19 Dec 2017 10:59:45 connectionpool.py[line:208]DEBUG Starting new HTTP connection (1): localhost
19 Dec 2017 10:59:45 connectionpool.py[line:396]DEBUG http://localhost:60197 "GET http://file.ichazuo.cn/14865480912e92962c0b6996add9517e4242ea9bdc.png HTTP/1.1" 200 103752
19 Dec 2017 10:59:46 PngImagePlugin.py[line:130]DEBUG STREAM b'IHDR' 16 13
19 Dec 2017 10:59:46 PngImagePlugin.py[line:130]DEBUG STREAM b'tEXt' 41 25
19 Dec 2017 10:59:46 PngImagePlugin.py[line:130]DEBUG STREAM b'iTXt' 78 888
19 Dec 2017 10:59:46 PngImagePlugin.py[line:130]DEBUG STREAM b'IDAT' 978 102758
19 Dec 2017 11:10:32 connectionpool.py[line:208]DEBUG Starting new HTTP connection (1): localhost
19 Dec 2017 11:10:33 connectionpool.py[line:396]DEBUG http://localhost:60197 "GET http://file2.ichazuo.cn/h5/bgimg/offline_jyzs.png HTTP/1.1" 200 590194
19 Dec 2017 11:10:39 PngImagePlugin.py[line:130]DEBUG STREAM b'IHDR' 16 13
19 Dec 2017 11:10:39 PngImagePlugin.py[line:130]DEBUG STREAM b'PLTE' 41 768
19 Dec 2017 11:10:39 PngImagePlugin.py[line:130]DEBUG STREAM b'IDAT' 821 524287
19 Dec 2017 11:11:13 connectionpool.py[line:208]DEBUG Starting new HTTP connection (1): localhost
19 Dec 2017 11:11:13 connectionpool.py[line:396]DEBUG http://localhost:60197 "GET http://file2.ichazuo.cn/h5/bgimg/offline_jyzs.png HTTP/1.1" 200 590194
19 Dec 2017 11:11:20 PngImagePlugin.py[line:130]DEBUG STREAM b'IHDR' 16 13
19 Dec 2017 11:11:20 PngImagePlugin.py[line:130]DEBUG STREAM b'PLTE' 41 768
19 Dec 2017 11:11:20 PngImagePlugin.py[line:130]DEBUG STREAM b'IDAT' 821 524287
19 Dec 2017 11:11:59 connectionpool.py[line:208]DEBUG Starting new HTTP connection (1): localhost
19 Dec 2017 11:11:59 connectionpool.py[line:396]DEBUG http://localhost:60197 "GET http://file2.ichazuo.cn/h5/bgimg/offline_jyzs.png HTTP/1.1" 200 590194
19 Dec 2017 11:12:05 PngImagePlugin.py[line:130]DEBUG STREAM b'IHDR' 16 13
19 Dec 2017 11:12:05 PngImagePlugin.py[line:130]DEBUG STREAM b'PLTE' 41 768
19 Dec 2017 11:12:05 PngImagePlugin.py[line:130]DEBUG STREAM b'IDAT' 821 524287
19 Dec 2017 11:12:58 connectionpool.py[line:208]DEBUG Starting new HTTP connection (1): localhost
19 Dec 2017 11:12:58 connectionpool.py[line:396]DEBUG http://localhost:60197 "GET http://file2.ichazuo.cn/h5/bgimg/offline_jyzs.png HTTP/1.1" 200 590194
19 Dec 2017 11:13:04 PngImagePlugin.py[line:130]DEBUG STREAM b'IHDR' 16 13
19 Dec 2017 11:13:04 PngImagePlugin.py[line:130]DEBUG STREAM b'PLTE' 41 768
19 Dec 2017 11:13:04 PngImagePlugin.py[line:130]DEBUG STREAM b'IDAT' 821 524287
19 Dec 2017 11:14:47 connectionpool.py[line:208]DEBUG Starting new HTTP connection (1): localhost
19 Dec 2017 11:14:47 connectionpool.py[line:396]DEBUG http://localhost:60197 "GET http://file2.ichazuo.cn/h5/bgimg/offline_jyzs.png HTTP/1.1" 200 1293223
19 Dec 2017 11:15:01 PngImagePlugin.py[line:130]DEBUG STREAM b'IHDR' 16 13
19 Dec 2017 11:15:01 PngImagePlugin.py[line:130]DEBUG STREAM b'pHYs' 41 9
19 Dec 2017 11:15:01 PngImagePlugin.py[line:130]DEBUG STREAM b'iTXt' 62 15246
19 Dec 2017 11:15:01 PngImagePlugin.py[line:130]DEBUG STREAM b'cHRM' 15320 32
19 Dec 2017 11:15:01 PngImagePlugin.py[line:537]DEBUG b'cHRM' 15320 32 (unknown)
19 Dec 2017 11:15:01 PngImagePlugin.py[line:130]DEBUG STREAM b'IDAT' 15364 1277843
19 Dec 2017 11:16:29 connectionpool.py[line:208]DEBUG Starting new HTTP connection (1): localhost
19 Dec 2017 11:16:29 connectionpool.py[line:396]DEBUG http://localhost:60197 "GET http://file2.ichazuo.cn/h5/bgimg/offline_jyzs.png HTTP/1.1" 200 1018870
19 Dec 2017 11:16:39 PngImagePlugin.py[line:130]DEBUG STREAM b'IHDR' 16 13
19 Dec 2017 11:16:39 PngImagePlugin.py[line:130]DEBUG STREAM b'pHYs' 41 9
19 Dec 2017 11:16:39 PngImagePlugin.py[line:130]DEBUG STREAM b'iTXt' 62 15245
19 Dec 2017 11:16:39 PngImagePlugin.py[line:130]DEBUG STREAM b'cHRM' 15319 32
19 Dec 2017 11:16:39 PngImagePlugin.py[line:537]DEBUG b'cHRM' 15319 32 (unknown)
19 Dec 2017 11:16:39 PngImagePlugin.py[line:130]DEBUG STREAM b'IDAT' 15363 1003491
19 Dec 2017 11:39:32 send_email.py[line:23]INFO 初始化成功
19 Dec 2017 11:39:32 certificate.py[line:23]WARNING [Errno 2] No such file or directory: 'zzl423.png'
19 Dec 2017 11:39:32 certificate.py[line:24]INFO Error: 无法发送邮件江小咏:jyx418@126.com

19 Dec 2017 11:49:22 connectionpool.py[line:208]DEBUG Starting new HTTP connection (1): localhost
19 Dec 2017 11:49:23 connectionpool.py[line:396]DEBUG http://localhost:60197 "GET http://file2.ichazuo.cn/h5/bgimg/offline_jyzs.png HTTP/1.1" 200 1018870
19 Dec 2017 11:49:33 PngImagePlugin.py[line:130]DEBUG STREAM b'IHDR' 16 13
19 Dec 2017 11:49:33 PngImagePlugin.py[line:130]DEBUG STREAM b'pHYs' 41 9
19 Dec 2017 11:49:33 PngImagePlugin.py[line:130]DEBUG STREAM b'iTXt' 62 15245
19 Dec 2017 11:49:33 PngImagePlugin.py[line:130]DEBUG STREAM b'cHRM' 15319 32
19 Dec 2017 11:49:33 PngImagePlugin.py[line:537]DEBUG b'cHRM' 15319 32 (unknown)
19 Dec 2017 11:49:33 PngImagePlugin.py[line:130]DEBUG STREAM b'IDAT' 15363 1003491
19 Dec 2017 11:51:14 connectionpool.py[line:208]DEBUG Starting new HTTP connection (1): localhost
19 Dec 2017 11:51:14 connectionpool.py[line:396]DEBUG http://localhost:60197 "GET http://file2.ichazuo.cn/h5/bgimg/offline_jyzs.png HTTP/1.1" 200 1018870
19 Dec 2017 11:51:25 PngImagePlugin.py[line:130]DEBUG STREAM b'IHDR' 16 13
19 Dec 2017 11:51:25 PngImagePlugin.py[line:130]DEBUG STREAM b'pHYs' 41 9
19 Dec 2017 11:51:25 PngImagePlugin.py[line:130]DEBUG STREAM b'iTXt' 62 15245
19 Dec 2017 11:51:25 PngImagePlugin.py[line:130]DEBUG STREAM b'cHRM' 15319 32
19 Dec 2017 11:51:25 PngImagePlugin.py[line:537]DEBUG b'cHRM' 15319 32 (unknown)
19 Dec 2017 11:51:25 PngImagePlugin.py[line:130]DEBUG STREAM b'IDAT' 15363 1003491
19 Dec 2017 11:52:35 connectionpool.py[line:208]DEBUG Starting new HTTP connection (1): localhost
19 Dec 2017 11:52:35 connectionpool.py[line:396]DEBUG http://localhost:60197 "GET http://file2.ichazuo.cn/h5/bgimg/offline_jyzs.png HTTP/1.1" 200 1018870
19 Dec 2017 11:52:46 PngImagePlugin.py[line:130]DEBUG STREAM b'IHDR' 16 13
19 Dec 2017 11:52:46 PngImagePlugin.py[line:130]DEBUG STREAM b'pHYs' 41 9
19 Dec 2017 11:52:46 PngImagePlugin.py[line:130]DEBUG STREAM b'iTXt' 62 15245
19 Dec 2017 11:52:46 PngImagePlugin.py[line:130]DEBUG STREAM b'cHRM' 15319 32
19 Dec 2017 11:52:46 PngImagePlugin.py[line:537]DEBUG b'cHRM' 15319 32 (unknown)
19 Dec 2017 11:52:46 PngImagePlugin.py[line:130]DEBUG STREAM b'IDAT' 15363 1003491
19 Dec 2017 11:53:44 connectionpool.py[line:208]DEBUG Starting new HTTP connection (1): localhost
19 Dec 2017 11:53:45 connectionpool.py[line:396]DEBUG http://localhost:60197 "GET http://file2.ichazuo.cn/h5/bgimg/offline_jyzs.png HTTP/1.1" 200 1018870
19 Dec 2017 11:53:56 PngImagePlugin.py[line:130]DEBUG STREAM b'IHDR' 16 13
19 Dec 2017 11:53:56 PngImagePlugin.py[line:130]DEBUG STREAM b'pHYs' 41 9
19 Dec 2017 11:53:56 PngImagePlugin.py[line:130]DEBUG STREAM b'iTXt' 62 15245
19 Dec 2017 11:53:56 PngImagePlugin.py[line:130]DEBUG STREAM b'cHRM' 15319 32
19 Dec 2017 11:53:56 PngImagePlugin.py[line:537]DEBUG b'cHRM' 15319 32 (unknown)
19 Dec 2017 11:53:56 PngImagePlugin.py[line:130]DEBUG STREAM b'IDAT' 15363 1003491
19 Dec 2017 12:03:14 connectionpool.py[line:208]DEBUG Starting new HTTP connection (1): localhost
19 Dec 2017 12:03:15 connectionpool.py[line:396]DEBUG http://localhost:60197 "GET http://file2.ichazuo.cn/h5/bgimg/offline_jyzs.png HTTP/1.1" 200 1018870
19 Dec 2017 12:03:26 PngImagePlugin.py[line:130]DEBUG STREAM b'IHDR' 16 13
19 Dec 2017 12:03:26 PngImagePlugin.py[line:130]DEBUG STREAM b'pHYs' 41 9
19 Dec 2017 12:03:26 PngImagePlugin.py[line:130]DEBUG STREAM b'iTXt' 62 15245
19 Dec 2017 12:03:26 PngImagePlugin.py[line:130]DEBUG STREAM b'cHRM' 15319 32
19 Dec 2017 12:03:26 PngImagePlugin.py[line:537]DEBUG b'cHRM' 15319 32 (unknown)
19 Dec 2017 12:03:26 PngImagePlugin.py[line:130]DEBUG STREAM b'IDAT' 15363 1003491
19 Dec 2017 12:03:33 send_email.py[line:22]INFO 初始化成功
19 Dec 2017 12:05:11 connectionpool.py[line:208]DEBUG Starting new HTTP connection (1): localhost
19 Dec 2017 12:05:11 connectionpool.py[line:396]DEBUG http://localhost:60197 "GET http://file2.ichazuo.cn/h5/bgimg/offline_jyzs.png HTTP/1.1" 200 1018870
19 Dec 2017 12:05:21 PngImagePlugin.py[line:130]DEBUG STREAM b'IHDR' 16 13
19 Dec 2017 12:05:21 PngImagePlugin.py[line:130]DEBUG STREAM b'pHYs' 41 9
19 Dec 2017 12:05:21 PngImagePlugin.py[line:130]DEBUG STREAM b'iTXt' 62 15245
19 Dec 2017 12:05:21 PngImagePlugin.py[line:130]DEBUG STREAM b'cHRM' 15319 32
19 Dec 2017 12:05:21 PngImagePlugin.py[line:537]DEBUG b'cHRM' 15319 32 (unknown)
19 Dec 2017 12:05:21 PngImagePlugin.py[line:130]DEBUG STREAM b'IDAT' 15363 1003491
19 Dec 2017 12:05:27 send_email.py[line:22]INFO 初始化成功
19 Dec 2017 12:05:27 certificate.py[line:28]WARNING 'Image' object has no attribute 'add_header'
19 Dec 2017 12:05:27 certificate.py[line:29]INFO Error: 无法发送邮件江小咏:jyx418@126.com

19 Dec 2017 12:26:06 connectionpool.py[line:208]DEBUG Starting new HTTP connection (1): localhost
19 Dec 2017 12:26:06 connectionpool.py[line:396]DEBUG http://localhost:60197 "GET http://file2.ichazuo.cn/h5/bgimg/offline_jyzs.png HTTP/1.1" 200 1018870
19 Dec 2017 12:26:17 PngImagePlugin.py[line:130]DEBUG STREAM b'IHDR' 16 13
19 Dec 2017 12:26:17 PngImagePlugin.py[line:130]DEBUG STREAM b'pHYs' 41 9
19 Dec 2017 12:26:17 PngImagePlugin.py[line:130]DEBUG STREAM b'iTXt' 62 15245
19 Dec 2017 12:26:17 PngImagePlugin.py[line:130]DEBUG STREAM b'cHRM' 15319 32
19 Dec 2017 12:26:17 PngImagePlugin.py[line:537]DEBUG b'cHRM' 15319 32 (unknown)
19 Dec 2017 12:26:17 PngImagePlugin.py[line:130]DEBUG STREAM b'IDAT' 15363 1003491
19 Dec 2017 12:26:24 send_email.py[line:22]INFO 初始化成功
19 Dec 2017 12:26:24 certificate.py[line:27]WARNING 'Image' object is not subscriptable
19 Dec 2017 12:26:24 certificate.py[line:28]INFO Error: 无法发送邮件江小咏:jyx418@126.com

19 Dec 2017 12:26:41 connectionpool.py[line:208]DEBUG Starting new HTTP connection (1): localhost
19 Dec 2017 12:26:41 connectionpool.py[line:396]DEBUG http://localhost:60197 "GET http://file2.ichazuo.cn/h5/bgimg/offline_jyzs.png HTTP/1.1" 200 1018870
19 Dec 2017 12:26:53 PngImagePlugin.py[line:130]DEBUG STREAM b'IHDR' 16 13
19 Dec 2017 12:26:53 PngImagePlugin.py[line:130]DEBUG STREAM b'pHYs' 41 9
19 Dec 2017 12:26:53 PngImagePlugin.py[line:130]DEBUG STREAM b'iTXt' 62 15245
19 Dec 2017 12:26:53 PngImagePlugin.py[line:130]DEBUG STREAM b'cHRM' 15319 32
19 Dec 2017 12:26:53 PngImagePlugin.py[line:537]DEBUG b'cHRM' 15319 32 (unknown)
19 Dec 2017 12:26:53 PngImagePlugin.py[line:130]DEBUG STREAM b'IDAT' 15363 1003491
19 Dec 2017 12:26:58 send_email.py[line:22]INFO 初始化成功
19 Dec 2017 12:26:58 certificate.py[line:27]WARNING 'Image' object has no attribute 'read'
19 Dec 2017 12:26:58 certificate.py[line:28]INFO Error: 无法发送邮件江小咏:jyx418@126.com

19 Dec 2017 12:47:56 connectionpool.py[line:208]DEBUG Starting new HTTP connection (1): localhost
19 Dec 2017 12:47:57 connectionpool.py[line:396]DEBUG http://localhost:60197 "GET http://file2.ichazuo.cn/h5/bgimg/offline_jyzs.png HTTP/1.1" 200 1018870
19 Dec 2017 12:48:10 PngImagePlugin.py[line:130]DEBUG STREAM b'IHDR' 16 13
19 Dec 2017 12:48:10 PngImagePlugin.py[line:130]DEBUG STREAM b'pHYs' 41 9
19 Dec 2017 12:48:10 PngImagePlugin.py[line:130]DEBUG STREAM b'iTXt' 62 15245
19 Dec 2017 12:48:10 PngImagePlugin.py[line:130]DEBUG STREAM b'cHRM' 15319 32
19 Dec 2017 12:48:10 PngImagePlugin.py[line:537]DEBUG b'cHRM' 15319 32 (unknown)
19 Dec 2017 12:48:10 PngImagePlugin.py[line:130]DEBUG STREAM b'IDAT' 15363 1003491
19 Dec 2017 12:48:36 connectionpool.py[line:208]DEBUG Starting new HTTP connection (1): localhost
19 Dec 2017 12:48:36 connectionpool.py[line:396]DEBUG http://localhost:60197 "GET http://file2.ichazuo.cn/h5/bgimg/offline_jyzs.png HTTP/1.1" 200 1018870
19 Dec 2017 12:48:50 PngImagePlugin.py[line:130]DEBUG STREAM b'IHDR' 16 13
19 Dec 2017 12:48:50 PngImagePlugin.py[line:130]DEBUG STREAM b'pHYs' 41 9
19 Dec 2017 12:48:50 PngImagePlugin.py[line:130]DEBUG STREAM b'iTXt' 62 15245
19 Dec 2017 12:48:50 PngImagePlugin.py[line:130]DEBUG STREAM b'cHRM' 15319 32
19 Dec 2017 12:48:50 PngImagePlugin.py[line:537]DEBUG b'cHRM' 15319 32 (unknown)
19 Dec 2017 12:48:50 PngImagePlugin.py[line:130]DEBUG STREAM b'IDAT' 15363 1003491
19 Dec 2017 12:49:22 connectionpool.py[line:208]DEBUG Starting new HTTP connection (1): localhost
19 Dec 2017 12:49:22 connectionpool.py[line:396]DEBUG http://localhost:60197 "GET http://file2.ichazuo.cn/h5/bgimg/offline_jyzs.png HTTP/1.1" 200 1018870
19 Dec 2017 12:49:36 connectionpool.py[line:208]DEBUG Starting new HTTP connection (1): localhost
19 Dec 2017 12:49:36 connectionpool.py[line:396]DEBUG http://localhost:60197 "GET http://file2.ichazuo.cn/h5/bgimg/offline_jyzs.png HTTP/1.1" 200 1018870
19 Dec 2017 12:49:52 PngImagePlugin.py[line:130]DEBUG STREAM b'IHDR' 16 13
19 Dec 2017 12:49:52 PngImagePlugin.py[line:130]DEBUG STREAM b'pHYs' 41 9
19 Dec 2017 12:49:52 PngImagePlugin.py[line:130]DEBUG STREAM b'iTXt' 62 15245
19 Dec 2017 12:49:52 PngImagePlugin.py[line:130]DEBUG STREAM b'cHRM' 15319 32
19 Dec 2017 12:49:52 PngImagePlugin.py[line:537]DEBUG b'cHRM' 15319 32 (unknown)
19 Dec 2017 12:49:52 PngImagePlugin.py[line:130]DEBUG STREAM b'IDAT' 15363 1003491
19 Dec 2017 12:50:23 connectionpool.py[line:208]DEBUG Starting new HTTP connection (1): localhost
19 Dec 2017 12:50:23 connectionpool.py[line:396]DEBUG http://localhost:60197 "GET http://file2.ichazuo.cn/h5/bgimg/offline_jyzs.png HTTP/1.1" 200 1018870
19 Dec 2017 12:50:40 PngImagePlugin.py[line:130]DEBUG STREAM b'IHDR' 16 13
19 Dec 2017 12:50:40 PngImagePlugin.py[line:130]DEBUG STREAM b'pHYs' 41 9
19 Dec 2017 12:50:40 PngImagePlugin.py[line:130]DEBUG STREAM b'iTXt' 62 15245
19 Dec 2017 12:50:40 PngImagePlugin.py[line:130]DEBUG STREAM b'cHRM' 15319 32
19 Dec 2017 12:50:40 PngImagePlugin.py[line:537]DEBUG b'cHRM' 15319 32 (unknown)
19 Dec 2017 12:50:40 PngImagePlugin.py[line:130]DEBUG STREAM b'IDAT' 15363 1003491
19 Dec 2017 12:50:53 connectionpool.py[line:208]DEBUG Starting new HTTP connection (1): localhost
19 Dec 2017 12:50:53 connectionpool.py[line:396]DEBUG http://localhost:60197 "GET http://file2.ichazuo.cn/h5/bgimg/offline_jyzs.png HTTP/1.1" 200 1018870
19 Dec 2017 12:50:58 PngImagePlugin.py[line:130]DEBUG STREAM b'IHDR' 16 13
19 Dec 2017 12:50:58 PngImagePlugin.py[line:130]DEBUG STREAM b'pHYs' 41 9
19 Dec 2017 12:50:58 PngImagePlugin.py[line:130]DEBUG STREAM b'iTXt' 62 15245
19 Dec 2017 12:50:58 PngImagePlugin.py[line:130]DEBUG STREAM b'cHRM' 15319 32
19 Dec 2017 12:50:58 PngImagePlugin.py[line:537]DEBUG b'cHRM' 15319 32 (unknown)
19 Dec 2017 12:50:58 PngImagePlugin.py[line:130]DEBUG STREAM b'IDAT' 15363 1003491
19 Dec 2017 12:51:10 PngImagePlugin.py[line:130]DEBUG STREAM b'IHDR' 16 13
19 Dec 2017 12:51:10 PngImagePlugin.py[line:130]DEBUG STREAM b'pHYs' 41 9
19 Dec 2017 12:51:10 PngImagePlugin.py[line:130]DEBUG STREAM b'iTXt' 62 15245
19 Dec 2017 12:51:10 PngImagePlugin.py[line:130]DEBUG STREAM b'cHRM' 15319 32
19 Dec 2017 12:51:10 PngImagePlugin.py[line:537]DEBUG b'cHRM' 15319 32 (unknown)
19 Dec 2017 12:51:10 PngImagePlugin.py[line:130]DEBUG STREAM b'IDAT' 15363 1003491
19 Dec 2017 12:51:26 connectionpool.py[line:208]DEBUG Starting new HTTP connection (1): localhost
19 Dec 2017 12:51:26 connectionpool.py[line:396]DEBUG http://localhost:60197 "GET http://file2.ichazuo.cn/h5/bgimg/offline_jyzs.png HTTP/1.1" 200 1018870
19 Dec 2017 12:51:40 PngImagePlugin.py[line:130]DEBUG STREAM b'IHDR' 16 13
19 Dec 2017 12:51:40 PngImagePlugin.py[line:130]DEBUG STREAM b'pHYs' 41 9
19 Dec 2017 12:51:40 PngImagePlugin.py[line:130]DEBUG STREAM b'iTXt' 62 15245
19 Dec 2017 12:51:40 PngImagePlugin.py[line:130]DEBUG STREAM b'cHRM' 15319 32
19 Dec 2017 12:51:40 PngImagePlugin.py[line:537]DEBUG b'cHRM' 15319 32 (unknown)
19 Dec 2017 12:51:40 PngImagePlugin.py[line:130]DEBUG STREAM b'IDAT' 15363 1003491
19 Dec 2017 13:11:20 connectionpool.py[line:208]DEBUG Starting new HTTP connection (1): localhost
19 Dec 2017 13:11:22 connectionpool.py[line:396]DEBUG http://localhost:60197 "GET http://file2.ichazuo.cn/h5/bgimg/offline_jyzs.png HTTP/1.1" 200 1018870
19 Dec 2017 13:11:36 PngImagePlugin.py[line:130]DEBUG STREAM b'IHDR' 16 13
19 Dec 2017 13:11:36 PngImagePlugin.py[line:130]DEBUG STREAM b'pHYs' 41 9
19 Dec 2017 13:11:36 PngImagePlugin.py[line:130]DEBUG STREAM b'iTXt' 62 15245
19 Dec 2017 13:11:36 PngImagePlugin.py[line:130]DEBUG STREAM b'cHRM' 15319 32
19 Dec 2017 13:11:36 PngImagePlugin.py[line:537]DEBUG b'cHRM' 15319 32 (unknown)
19 Dec 2017 13:11:36 PngImagePlugin.py[line:130]DEBUG STREAM b'IDAT' 15363 1003491
19 Dec 2017 13:13:19 connectionpool.py[line:208]DEBUG Starting new HTTP connection (1): localhost
19 Dec 2017 13:13:19 connectionpool.py[line:396]DEBUG http://localhost:60197 "GET http://file2.ichazuo.cn/h5/bgimg/offline_jyzs.png HTTP/1.1" 200 1018870
19 Dec 2017 13:13:34 PngImagePlugin.py[line:130]DEBUG STREAM b'IHDR' 16 13
19 Dec 2017 13:13:34 PngImagePlugin.py[line:130]DEBUG STREAM b'pHYs' 41 9
19 Dec 2017 13:13:34 PngImagePlugin.py[line:130]DEBUG STREAM b'iTXt' 62 15245
19 Dec 2017 13:13:34 PngImagePlugin.py[line:130]DEBUG STREAM b'cHRM' 15319 32
19 Dec 2017 13:13:34 PngImagePlugin.py[line:537]DEBUG b'cHRM' 15319 32 (unknown)
19 Dec 2017 13:13:34 PngImagePlugin.py[line:130]DEBUG STREAM b'IDAT' 15363 1003491
19 Dec 2017 13:15:17 connectionpool.py[line:208]DEBUG Starting new HTTP connection (1): localhost
19 Dec 2017 13:15:17 connectionpool.py[line:396]DEBUG http://localhost:60197 "GET http://file2.ichazuo.cn/h5/bgimg/offline_jyzs.png HTTP/1.1" 200 1018870
19 Dec 2017 13:15:32 PngImagePlugin.py[line:130]DEBUG STREAM b'IHDR' 16 13
19 Dec 2017 13:15:32 PngImagePlugin.py[line:130]DEBUG STREAM b'pHYs' 41 9
19 Dec 2017 13:15:32 PngImagePlugin.py[line:130]DEBUG STREAM b'iTXt' 62 15245
19 Dec 2017 13:15:32 PngImagePlugin.py[line:130]DEBUG STREAM b'cHRM' 15319 32
19 Dec 2017 13:15:32 PngImagePlugin.py[line:537]DEBUG b'cHRM' 15319 32 (unknown)
19 Dec 2017 13:15:32 PngImagePlugin.py[line:130]DEBUG STREAM b'IDAT' 15363 1003491
19 Dec 2017 13:19:45 connectionpool.py[line:208]DEBUG Starting new HTTP connection (1): localhost
19 Dec 2017 13:19:45 connectionpool.py[line:396]DEBUG http://localhost:60197 "GET http://file2.ichazuo.cn/h5/bgimg/offline_jyzs.png HTTP/1.1" 200 1018870
19 Dec 2017 13:19:59 PngImagePlugin.py[line:130]DEBUG STREAM b'IHDR' 16 13
19 Dec 2017 13:19:59 PngImagePlugin.py[line:130]DEBUG STREAM b'pHYs' 41 9
19 Dec 2017 13:19:59 PngImagePlugin.py[line:130]DEBUG STREAM b'iTXt' 62 15245
19 Dec 2017 13:19:59 PngImagePlugin.py[line:130]DEBUG STREAM b'cHRM' 15319 32
19 Dec 2017 13:19:59 PngImagePlugin.py[line:537]DEBUG b'cHRM' 15319 32 (unknown)
19 Dec 2017 13:19:59 PngImagePlugin.py[line:130]DEBUG STREAM b'IDAT' 15363 1003491
19 Dec 2017 13:20:47 connectionpool.py[line:208]DEBUG Starting new HTTP connection (1): localhost
19 Dec 2017 13:20:47 connectionpool.py[line:396]DEBUG http://localhost:60197 "GET http://file2.ichazuo.cn/h5/bgimg/offline_jyzs.png HTTP/1.1" 200 1018870
19 Dec 2017 13:21:01 PngImagePlugin.py[line:130]DEBUG STREAM b'IHDR' 16 13
19 Dec 2017 13:21:01 PngImagePlugin.py[line:130]DEBUG STREAM b'pHYs' 41 9
19 Dec 2017 13:21:01 PngImagePlugin.py[line:130]DEBUG STREAM b'iTXt' 62 15245
19 Dec 2017 13:21:01 PngImagePlugin.py[line:130]DEBUG STREAM b'cHRM' 15319 32
19 Dec 2017 13:21:01 PngImagePlugin.py[line:537]DEBUG b'cHRM' 15319 32 (unknown)
19 Dec 2017 13:21:01 PngImagePlugin.py[line:130]DEBUG STREAM b'IDAT' 15363 1003491
19 Dec 2017 13:22:14 connectionpool.py[line:208]DEBUG Starting new HTTP connection (1): localhost
19 Dec 2017 13:22:14 connectionpool.py[line:396]DEBUG http://localhost:60197 "GET http://file2.ichazuo.cn/h5/bgimg/offline_jyzs.png HTTP/1.1" 200 1018870
19 Dec 2017 13:22:28 PngImagePlugin.py[line:130]DEBUG STREAM b'IHDR' 16 13
19 Dec 2017 13:22:28 PngImagePlugin.py[line:130]DEBUG STREAM b'pHYs' 41 9
19 Dec 2017 13:22:28 PngImagePlugin.py[line:130]DEBUG STREAM b'iTXt' 62 15245
19 Dec 2017 13:22:28 PngImagePlugin.py[line:130]DEBUG STREAM b'cHRM' 15319 32
19 Dec 2017 13:22:28 PngImagePlugin.py[line:537]DEBUG b'cHRM' 15319 32 (unknown)
19 Dec 2017 13:22:28 PngImagePlugin.py[line:130]DEBUG STREAM b'IDAT' 15363 1003491
19 Dec 2017 13:24:47 connectionpool.py[line:208]DEBUG Starting new HTTP connection (1): localhost
19 Dec 2017 13:24:47 connectionpool.py[line:396]DEBUG http://localhost:60197 "GET http://file2.ichazuo.cn/h5/bgimg/offline_jyzs.png HTTP/1.1" 200 1018870
19 Dec 2017 13:25:00 PngImagePlugin.py[line:130]DEBUG STREAM b'IHDR' 16 13
19 Dec 2017 13:25:00 PngImagePlugin.py[line:130]DEBUG STREAM b'pHYs' 41 9
19 Dec 2017 13:25:00 PngImagePlugin.py[line:130]DEBUG STREAM b'iTXt' 62 15245
19 Dec 2017 13:25:00 PngImagePlugin.py[line:130]DEBUG STREAM b'cHRM' 15319 32
19 Dec 2017 13:25:00 PngImagePlugin.py[line:537]DEBUG b'cHRM' 15319 32 (unknown)
19 Dec 2017 13:25:00 PngImagePlugin.py[line:130]DEBUG STREAM b'IDAT' 15363 1003491
19 Dec 2017 13:40:18 connectionpool.py[line:208]DEBUG Starting new HTTP connection (1): localhost
19 Dec 2017 13:40:18 connectionpool.py[line:396]DEBUG http://localhost:60197 "GET http://file2.ichazuo.cn/h5/bgimg/offline_jyzs.png HTTP/1.1" 200 1018870
19 Dec 2017 13:40:32 PngImagePlugin.py[line:130]DEBUG STREAM b'IHDR' 16 13
19 Dec 2017 13:40:32 PngImagePlugin.py[line:130]DEBUG STREAM b'pHYs' 41 9
19 Dec 2017 13:40:32 PngImagePlugin.py[line:130]DEBUG STREAM b'iTXt' 62 15245
19 Dec 2017 13:40:32 PngImagePlugin.py[line:130]DEBUG STREAM b'cHRM' 15319 32
19 Dec 2017 13:40:32 PngImagePlugin.py[line:537]DEBUG b'cHRM' 15319 32 (unknown)
19 Dec 2017 13:40:32 PngImagePlugin.py[line:130]DEBUG STREAM b'IDAT' 15363 1003491
19 Dec 2017 13:41:11 connectionpool.py[line:208]DEBUG Starting new HTTP connection (1): localhost
19 Dec 2017 13:41:12 connectionpool.py[line:396]DEBUG http://localhost:60197 "GET http://file2.ichazuo.cn/h5/bgimg/offline_jyzs.png HTTP/1.1" 200 1018870
19 Dec 2017 13:41:26 PngImagePlugin.py[line:130]DEBUG STREAM b'IHDR' 16 13
19 Dec 2017 13:41:26 PngImagePlugin.py[line:130]DEBUG STREAM b'pHYs' 41 9
19 Dec 2017 13:41:26 PngImagePlugin.py[line:130]DEBUG STREAM b'iTXt' 62 15245
19 Dec 2017 13:41:26 PngImagePlugin.py[line:130]DEBUG STREAM b'cHRM' 15319 32
19 Dec 2017 13:41:26 PngImagePlugin.py[line:537]DEBUG b'cHRM' 15319 32 (unknown)
19 Dec 2017 13:41:26 PngImagePlugin.py[line:130]DEBUG STREAM b'IDAT' 15363 1003491
19 Dec 2017 13:42:58 connectionpool.py[line:208]DEBUG Starting new HTTP connection (1): localhost
19 Dec 2017 13:42:58 connectionpool.py[line:396]DEBUG http://localhost:60197 "GET http://file2.ichazuo.cn/h5/bgimg/offline_jyzs.png HTTP/1.1" 200 1018870
19 Dec 2017 13:43:12 PngImagePlugin.py[line:130]DEBUG STREAM b'IHDR' 16 13
19 Dec 2017 13:43:12 PngImagePlugin.py[line:130]DEBUG STREAM b'pHYs' 41 9
19 Dec 2017 13:43:12 PngImagePlugin.py[line:130]DEBUG STREAM b'iTXt' 62 15245
19 Dec 2017 13:43:12 PngImagePlugin.py[line:130]DEBUG STREAM b'cHRM' 15319 32
19 Dec 2017 13:43:12 PngImagePlugin.py[line:537]DEBUG b'cHRM' 15319 32 (unknown)
19 Dec 2017 13:43:12 PngImagePlugin.py[line:130]DEBUG STREAM b'IDAT' 15363 1003491
19 Dec 2017 13:45:33 send_email.py[line:23]INFO 初始化成功
19 Dec 2017 13:45:33 certificate.py[line:28]WARNING [Errno 2] No such file or directory: 'zzl423.png'
19 Dec 2017 13:45:33 certificate.py[line:29]INFO Error: 无法发送邮件江小咏:jyx418@126.com

19 Dec 2017 13:47:01 send_email.py[line:23]INFO 初始化成功
19 Dec 2017 13:47:01 certificate.py[line:28]WARNING [Errno 2] No such file or directory: 'zzl423.png'
19 Dec 2017 13:47:01 certificate.py[line:29]INFO Error: 无法发送邮件江小咏:jyx418@126.com

19 Dec 2017 13:48:07 send_email.py[line:23]INFO 初始化成功
19 Dec 2017 13:48:10 certificate.py[line:26]INFO 邮件发送成功江小咏:jyx418@126.com

19 Dec 2017 13:52:41 connectionpool.py[line:208]DEBUG Starting new HTTP connection (1): localhost
19 Dec 2017 13:52:42 connectionpool.py[line:396]DEBUG http://localhost:58869 "GET http://file2.ichazuo.cn/h5/bgimg/offline_jyzs.png HTTP/1.1" 200 1018870
19 Dec 2017 13:52:52 PngImagePlugin.py[line:130]DEBUG STREAM b'IHDR' 16 13
19 Dec 2017 13:52:52 PngImagePlugin.py[line:130]DEBUG STREAM b'pHYs' 41 9
19 Dec 2017 13:52:52 PngImagePlugin.py[line:130]DEBUG STREAM b'iTXt' 62 15245
19 Dec 2017 13:52:52 PngImagePlugin.py[line:130]DEBUG STREAM b'cHRM' 15319 32
19 Dec 2017 13:52:52 PngImagePlugin.py[line:537]DEBUG b'cHRM' 15319 32 (unknown)
19 Dec 2017 13:52:52 PngImagePlugin.py[line:130]DEBUG STREAM b'IDAT' 15363 1003491
19 Dec 2017 13:52:59 send_email.py[line:23]INFO 初始化成功
19 Dec 2017 13:53:03 certificate.py[line:26]INFO 邮件发送成功江小咏:jyx418@126.com

19 Dec 2017 14:06:10 connectionpool.py[line:208]DEBUG Starting new HTTP connection (1): localhost
19 Dec 2017 14:06:11 connectionpool.py[line:396]DEBUG http://localhost:58869 "GET http://file2.ichazuo.cn/h5/bgimg/offline_jyzs.png HTTP/1.1" 200 1018870
19 Dec 2017 14:06:22 PngImagePlugin.py[line:130]DEBUG STREAM b'IHDR' 16 13
19 Dec 2017 14:06:22 PngImagePlugin.py[line:130]DEBUG STREAM b'pHYs' 41 9
19 Dec 2017 14:06:22 PngImagePlugin.py[line:130]DEBUG STREAM b'iTXt' 62 15245
19 Dec 2017 14:06:22 PngImagePlugin.py[line:130]DEBUG STREAM b'cHRM' 15319 32
19 Dec 2017 14:06:22 PngImagePlugin.py[line:537]DEBUG b'cHRM' 15319 32 (unknown)
19 Dec 2017 14:06:22 PngImagePlugin.py[line:130]DEBUG STREAM b'IDAT' 15363 1003491
19 Dec 2017 14:08:56 connectionpool.py[line:208]DEBUG Starting new HTTP connection (1): localhost
19 Dec 2017 14:08:57 connectionpool.py[line:396]DEBUG http://localhost:58869 "GET http://file2.ichazuo.cn/h5/bgimg/offline_jyzs.png HTTP/1.1" 200 1018870
19 Dec 2017 14:09:08 PngImagePlugin.py[line:130]DEBUG STREAM b'IHDR' 16 13
19 Dec 2017 14:09:08 PngImagePlugin.py[line:130]DEBUG STREAM b'pHYs' 41 9
19 Dec 2017 14:09:08 PngImagePlugin.py[line:130]DEBUG STREAM b'iTXt' 62 15245
19 Dec 2017 14:09:08 PngImagePlugin.py[line:130]DEBUG STREAM b'cHRM' 15319 32
19 Dec 2017 14:09:08 PngImagePlugin.py[line:537]DEBUG b'cHRM' 15319 32 (unknown)
19 Dec 2017 14:09:08 PngImagePlugin.py[line:130]DEBUG STREAM b'IDAT' 15363 1003491
19 Dec 2017 14:09:36 connectionpool.py[line:208]DEBUG Starting new HTTP connection (1): localhost
19 Dec 2017 14:09:37 connectionpool.py[line:396]DEBUG http://localhost:58869 "GET http://file2.ichazuo.cn/h5/bgimg/offline_jyzs.png HTTP/1.1" 200 1018870
19 Dec 2017 14:09:48 PngImagePlugin.py[line:130]DEBUG STREAM b'IHDR' 16 13
19 Dec 2017 14:09:48 PngImagePlugin.py[line:130]DEBUG STREAM b'pHYs' 41 9
19 Dec 2017 14:09:48 PngImagePlugin.py[line:130]DEBUG STREAM b'iTXt' 62 15245
19 Dec 2017 14:09:48 PngImagePlugin.py[line:130]DEBUG STREAM b'cHRM' 15319 32
19 Dec 2017 14:09:48 PngImagePlugin.py[line:537]DEBUG b'cHRM' 15319 32 (unknown)
19 Dec 2017 14:09:48 PngImagePlugin.py[line:130]DEBUG STREAM b'IDAT' 15363 1003491
19 Dec 2017 14:19:30 connectionpool.py[line:208]DEBUG Starting new HTTP connection (1): localhost
19 Dec 2017 14:19:30 connectionpool.py[line:396]DEBUG http://localhost:58869 "GET http://file2.ichazuo.cn/h5/bgimg/offline_jyzs.png HTTP/1.1" 200 1018870
19 Dec 2017 14:19:41 PngImagePlugin.py[line:130]DEBUG STREAM b'IHDR' 16 13
19 Dec 2017 14:19:41 PngImagePlugin.py[line:130]DEBUG STREAM b'pHYs' 41 9
19 Dec 2017 14:19:41 PngImagePlugin.py[line:130]DEBUG STREAM b'iTXt' 62 15245
19 Dec 2017 14:19:41 PngImagePlugin.py[line:130]DEBUG STREAM b'cHRM' 15319 32
19 Dec 2017 14:19:41 PngImagePlugin.py[line:537]DEBUG b'cHRM' 15319 32 (unknown)
19 Dec 2017 14:19:41 PngImagePlugin.py[line:130]DEBUG STREAM b'IDAT' 15363 1003491
19 Dec 2017 14:22:10 connectionpool.py[line:208]DEBUG Starting new HTTP connection (1): localhost
19 Dec 2017 14:22:11 connectionpool.py[line:396]DEBUG http://localhost:58869 "GET http://file2.ichazuo.cn/h5/bgimg/offline_jyzs.png HTTP/1.1" 200 1018870
19 Dec 2017 14:22:22 PngImagePlugin.py[line:130]DEBUG STREAM b'IHDR' 16 13
19 Dec 2017 14:22:22 PngImagePlugin.py[line:130]DEBUG STREAM b'pHYs' 41 9
19 Dec 2017 14:22:22 PngImagePlugin.py[line:130]DEBUG STREAM b'iTXt' 62 15245
19 Dec 2017 14:22:22 PngImagePlugin.py[line:130]DEBUG STREAM b'cHRM' 15319 32
19 Dec 2017 14:22:22 PngImagePlugin.py[line:537]DEBUG b'cHRM' 15319 32 (unknown)
19 Dec 2017 14:22:22 PngImagePlugin.py[line:130]DEBUG STREAM b'IDAT' 15363 1003491
19 Dec 2017 14:23:07 connectionpool.py[line:208]DEBUG Starting new HTTP connection (1): localhost
19 Dec 2017 14:23:08 connectionpool.py[line:396]DEBUG http://localhost:58869 "GET http://file2.ichazuo.cn/h5/bgimg/offline_jyzs.png HTTP/1.1" 200 1018870
19 Dec 2017 14:23:20 PngImagePlugin.py[line:130]DEBUG STREAM b'IHDR' 16 13
19 Dec 2017 14:23:20 PngImagePlugin.py[line:130]DEBUG STREAM b'pHYs' 41 9
19 Dec 2017 14:23:20 PngImagePlugin.py[line:130]DEBUG STREAM b'iTXt' 62 15245
19 Dec 2017 14:23:20 PngImagePlugin.py[line:130]DEBUG STREAM b'cHRM' 15319 32
19 Dec 2017 14:23:20 PngImagePlugin.py[line:537]DEBUG b'cHRM' 15319 32 (unknown)
19 Dec 2017 14:23:20 PngImagePlugin.py[line:130]DEBUG STREAM b'IDAT' 15363 1003491
19 Dec 2017 14:23:49 connectionpool.py[line:208]DEBUG Starting new HTTP connection (1): localhost
19 Dec 2017 14:23:50 connectionpool.py[line:396]DEBUG http://localhost:58869 "GET http://file2.ichazuo.cn/h5/bgimg/offline_jyzs.png HTTP/1.1" 200 1018870
19 Dec 2017 14:24:00 PngImagePlugin.py[line:130]DEBUG STREAM b'IHDR' 16 13
19 Dec 2017 14:24:00 PngImagePlugin.py[line:130]DEBUG STREAM b'pHYs' 41 9
19 Dec 2017 14:24:00 PngImagePlugin.py[line:130]DEBUG STREAM b'iTXt' 62 15245
19 Dec 2017 14:24:00 PngImagePlugin.py[line:130]DEBUG STREAM b'cHRM' 15319 32
19 Dec 2017 14:24:00 PngImagePlugin.py[line:537]DEBUG b'cHRM' 15319 32 (unknown)
19 Dec 2017 14:24:00 PngImagePlugin.py[line:130]DEBUG STREAM b'IDAT' 15363 1003491
19 Dec 2017 14:24:27 connectionpool.py[line:208]DEBUG Starting new HTTP connection (1): localhost
19 Dec 2017 14:24:28 connectionpool.py[line:396]DEBUG http://localhost:58869 "GET http://file2.ichazuo.cn/h5/bgimg/offline_jyzs.png HTTP/1.1" 200 1018870
19 Dec 2017 14:24:38 PngImagePlugin.py[line:130]DEBUG STREAM b'IHDR' 16 13
19 Dec 2017 14:24:38 PngImagePlugin.py[line:130]DEBUG STREAM b'pHYs' 41 9
19 Dec 2017 14:24:38 PngImagePlugin.py[line:130]DEBUG STREAM b'iTXt' 62 15245
19 Dec 2017 14:24:38 PngImagePlugin.py[line:130]DEBUG STREAM b'cHRM' 15319 32
19 Dec 2017 14:24:38 PngImagePlugin.py[line:537]DEBUG b'cHRM' 15319 32 (unknown)
19 Dec 2017 14:24:38 PngImagePlugin.py[line:130]DEBUG STREAM b'IDAT' 15363 1003491
19 Dec 2017 14:24:45 send_email.py[line:22]INFO 初始化成功
19 Dec 2017 14:24:48 certificate.py[line:26]INFO 邮件发送成功江小咏:jyx418@126.com

19 Dec 2017 14:25:13 connectionpool.py[line:208]DEBUG Starting new HTTP connection (1): localhost
19 Dec 2017 14:25:14 connectionpool.py[line:396]DEBUG http://localhost:58869 "GET http://file2.ichazuo.cn/h5/bgimg/offline_jyzs.png HTTP/1.1" 200 1018870
19 Dec 2017 14:25:25 PngImagePlugin.py[line:130]DEBUG STREAM b'IHDR' 16 13
19 Dec 2017 14:25:25 PngImagePlugin.py[line:130]DEBUG STREAM b'pHYs' 41 9
19 Dec 2017 14:25:25 PngImagePlugin.py[line:130]DEBUG STREAM b'iTXt' 62 15245
19 Dec 2017 14:25:25 PngImagePlugin.py[line:130]DEBUG STREAM b'cHRM' 15319 32
19 Dec 2017 14:25:25 PngImagePlugin.py[line:537]DEBUG b'cHRM' 15319 32 (unknown)
19 Dec 2017 14:25:25 PngImagePlugin.py[line:130]DEBUG STREAM b'IDAT' 15363 1003491
19 Dec 2017 14:25:30 send_email.py[line:22]INFO 初始化成功
19 Dec 2017 14:25:33 certificate.py[line:26]INFO 邮件发送成功江小咏:jyx418@126.com

19 Dec 2017 14:31:51 connectionpool.py[line:208]DEBUG Starting new HTTP connection (1): localhost
19 Dec 2017 14:31:52 connectionpool.py[line:396]DEBUG http://localhost:58869 "GET http://file2.ichazuo.cn/h5/bgimg/offline_jyzs.png HTTP/1.1" 200 1018870
19 Dec 2017 14:32:03 PngImagePlugin.py[line:130]DEBUG STREAM b'IHDR' 16 13
19 Dec 2017 14:32:03 PngImagePlugin.py[line:130]DEBUG STREAM b'pHYs' 41 9
19 Dec 2017 14:32:03 PngImagePlugin.py[line:130]DEBUG STREAM b'iTXt' 62 15245
19 Dec 2017 14:32:03 PngImagePlugin.py[line:130]DEBUG STREAM b'cHRM' 15319 32
19 Dec 2017 14:32:03 PngImagePlugin.py[line:537]DEBUG b'cHRM' 15319 32 (unknown)
19 Dec 2017 14:32:03 PngImagePlugin.py[line:130]DEBUG STREAM b'IDAT' 15363 1003491
19 Dec 2017 14:32:03 Image.py[line:388]DEBUG Importing BmpImagePlugin
19 Dec 2017 14:32:03 Image.py[line:388]DEBUG Importing BufrStubImagePlugin
19 Dec 2017 14:32:03 Image.py[line:388]DEBUG Importing CurImagePlugin
19 Dec 2017 14:32:03 Image.py[line:388]DEBUG Importing DcxImagePlugin
19 Dec 2017 14:32:03 Image.py[line:388]DEBUG Importing DdsImagePlugin
19 Dec 2017 14:32:03 Image.py[line:388]DEBUG Importing EpsImagePlugin
19 Dec 2017 14:32:03 Image.py[line:388]DEBUG Importing FitsStubImagePlugin
19 Dec 2017 14:32:03 Image.py[line:388]DEBUG Importing FliImagePlugin
19 Dec 2017 14:32:03 Image.py[line:388]DEBUG Importing FpxImagePlugin
19 Dec 2017 14:32:03 Image.py[line:388]DEBUG Importing FtexImagePlugin
19 Dec 2017 14:32:03 Image.py[line:388]DEBUG Importing GbrImagePlugin
19 Dec 2017 14:32:03 Image.py[line:388]DEBUG Importing GifImagePlugin
19 Dec 2017 14:32:03 Image.py[line:388]DEBUG Importing GribStubImagePlugin
19 Dec 2017 14:32:03 Image.py[line:388]DEBUG Importing Hdf5StubImagePlugin
19 Dec 2017 14:32:03 Image.py[line:388]DEBUG Importing IcnsImagePlugin
19 Dec 2017 14:32:03 Image.py[line:388]DEBUG Importing IcoImagePlugin
19 Dec 2017 14:32:03 Image.py[line:388]DEBUG Importing ImImagePlugin
19 Dec 2017 14:32:03 Image.py[line:388]DEBUG Importing ImtImagePlugin
19 Dec 2017 14:32:03 Image.py[line:388]DEBUG Importing IptcImagePlugin
19 Dec 2017 14:32:03 Image.py[line:388]DEBUG Importing JpegImagePlugin
19 Dec 2017 14:32:03 Image.py[line:388]DEBUG Importing Jpeg2KImagePlugin
19 Dec 2017 14:32:03 Image.py[line:388]DEBUG Importing McIdasImagePlugin
19 Dec 2017 14:32:03 Image.py[line:388]DEBUG Importing MicImagePlugin
19 Dec 2017 14:32:03 Image.py[line:388]DEBUG Importing MpegImagePlugin
19 Dec 2017 14:32:03 Image.py[line:388]DEBUG Importing MpoImagePlugin
19 Dec 2017 14:32:03 Image.py[line:388]DEBUG Importing MspImagePlugin
19 Dec 2017 14:32:03 Image.py[line:388]DEBUG Importing PalmImagePlugin
19 Dec 2017 14:32:03 Image.py[line:388]DEBUG Importing PcdImagePlugin
19 Dec 2017 14:32:03 Image.py[line:388]DEBUG Importing PcxImagePlugin
19 Dec 2017 14:32:03 Image.py[line:388]DEBUG Importing PdfImagePlugin
19 Dec 2017 14:32:03 Image.py[line:388]DEBUG Importing PixarImagePlugin
19 Dec 2017 14:32:03 Image.py[line:388]DEBUG Importing PngImagePlugin
19 Dec 2017 14:32:03 Image.py[line:388]DEBUG Importing PpmImagePlugin
19 Dec 2017 14:32:03 Image.py[line:388]DEBUG Importing PsdImagePlugin
19 Dec 2017 14:32:03 Image.py[line:388]DEBUG Importing SgiImagePlugin
19 Dec 2017 14:32:03 Image.py[line:388]DEBUG Importing SpiderImagePlugin
19 Dec 2017 14:32:03 Image.py[line:388]DEBUG Importing SunImagePlugin
19 Dec 2017 14:32:03 Image.py[line:388]DEBUG Importing TgaImagePlugin
19 Dec 2017 14:32:03 Image.py[line:388]DEBUG Importing TiffImagePlugin
19 Dec 2017 14:32:03 Image.py[line:388]DEBUG Importing WebPImagePlugin
19 Dec 2017 14:32:03 Image.py[line:388]DEBUG Importing WmfImagePlugin
19 Dec 2017 14:32:03 Image.py[line:388]DEBUG Importing XbmImagePlugin
19 Dec 2017 14:32:03 Image.py[line:388]DEBUG Importing XpmImagePlugin
19 Dec 2017 14:32:03 Image.py[line:388]DEBUG Importing XVThumbImagePlugin
19 Dec 2017 14:32:53 connectionpool.py[line:208]DEBUG Starting new HTTP connection (1): localhost
19 Dec 2017 14:32:54 connectionpool.py[line:396]DEBUG http://localhost:58869 "GET http://file2.ichazuo.cn/h5/bgimg/offline_jyzs.png HTTP/1.1" 200 1018870
19 Dec 2017 14:33:05 PngImagePlugin.py[line:130]DEBUG STREAM b'IHDR' 16 13
19 Dec 2017 14:33:05 PngImagePlugin.py[line:130]DEBUG STREAM b'pHYs' 41 9
19 Dec 2017 14:33:05 PngImagePlugin.py[line:130]DEBUG STREAM b'iTXt' 62 15245
19 Dec 2017 14:33:05 PngImagePlugin.py[line:130]DEBUG STREAM b'cHRM' 15319 32
19 Dec 2017 14:33:05 PngImagePlugin.py[line:537]DEBUG b'cHRM' 15319 32 (unknown)
19 Dec 2017 14:33:05 PngImagePlugin.py[line:130]DEBUG STREAM b'IDAT' 15363 1003491
19 Dec 2017 14:33:12 send_email.py[line:22]INFO 初始化成功
19 Dec 2017 14:33:15 certificate.py[line:26]INFO 邮件发送成功江小咏:jyx418@126.com

19 Dec 2017 14:33:54 connectionpool.py[line:208]DEBUG Starting new HTTP connection (1): localhost
19 Dec 2017 14:33:54 connectionpool.py[line:396]DEBUG http://localhost:58869 "GET http://file2.ichazuo.cn/h5/bgimg/offline_jyzs.png HTTP/1.1" 200 1018870
19 Dec 2017 14:34:05 PngImagePlugin.py[line:130]DEBUG STREAM b'IHDR' 16 13
19 Dec 2017 14:34:05 PngImagePlugin.py[line:130]DEBUG STREAM b'pHYs' 41 9
19 Dec 2017 14:34:05 PngImagePlugin.py[line:130]DEBUG STREAM b'iTXt' 62 15245
19 Dec 2017 14:34:05 PngImagePlugin.py[line:130]DEBUG STREAM b'cHRM' 15319 32
19 Dec 2017 14:34:05 PngImagePlugin.py[line:537]DEBUG b'cHRM' 15319 32 (unknown)
19 Dec 2017 14:34:05 PngImagePlugin.py[line:130]DEBUG STREAM b'IDAT' 15363 1003491
19 Dec 2017 14:34:11 send_email.py[line:22]INFO 初始化成功
19 Dec 2017 14:34:13 certificate.py[line:26]INFO 邮件发送成功江小咏:jyx418@126.com

19 Dec 2017 14:36:10 connectionpool.py[line:208]DEBUG Starting new HTTP connection (1): localhost
19 Dec 2017 14:36:12 connectionpool.py[line:396]DEBUG http://localhost:58869 "GET http://file2.ichazuo.cn/h5/bgimg/offline_jyzs.png HTTP/1.1" 200 1018870
19 Dec 2017 14:36:22 PngImagePlugin.py[line:130]DEBUG STREAM b'IHDR' 16 13
19 Dec 2017 14:36:22 PngImagePlugin.py[line:130]DEBUG STREAM b'pHYs' 41 9
19 Dec 2017 14:36:22 PngImagePlugin.py[line:130]DEBUG STREAM b'iTXt' 62 15245
19 Dec 2017 14:36:22 PngImagePlugin.py[line:130]DEBUG STREAM b'cHRM' 15319 32
19 Dec 2017 14:36:22 PngImagePlugin.py[line:537]DEBUG b'cHRM' 15319 32 (unknown)
19 Dec 2017 14:36:22 PngImagePlugin.py[line:130]DEBUG STREAM b'IDAT' 15363 1003491
19 Dec 2017 14:36:31 send_email.py[line:22]INFO 初始化成功
19 Dec 2017 14:36:35 certificate.py[line:26]INFO 邮件发送成功江小咏:2227006164@qq.com

19 Dec 2017 14:40:06 connectionpool.py[line:208]DEBUG Starting new HTTP connection (1): localhost
19 Dec 2017 14:40:07 connectionpool.py[line:396]DEBUG http://localhost:58869 "GET http://file2.ichazuo.cn/h5/bgimg/offline_jyzs.png HTTP/1.1" 200 1018870
19 Dec 2017 14:40:17 PngImagePlugin.py[line:130]DEBUG STREAM b'IHDR' 16 13
19 Dec 2017 14:40:17 PngImagePlugin.py[line:130]DEBUG STREAM b'pHYs' 41 9
19 Dec 2017 14:40:17 PngImagePlugin.py[line:130]DEBUG STREAM b'iTXt' 62 15245
19 Dec 2017 14:40:17 PngImagePlugin.py[line:130]DEBUG STREAM b'cHRM' 15319 32
19 Dec 2017 14:40:17 PngImagePlugin.py[line:537]DEBUG b'cHRM' 15319 32 (unknown)
19 Dec 2017 14:40:17 PngImagePlugin.py[line:130]DEBUG STREAM b'IDAT' 15363 1003491
19 Dec 2017 14:40:23 send_email.py[line:22]INFO 初始化成功
19 Dec 2017 14:40:23 certificate.py[line:28]WARNING [Errno 2] No such file or directory: '2227006164@qq.comjyzs_bg.png'
19 Dec 2017 14:40:23 certificate.py[line:29]INFO Error: 无法发送邮件江小咏:2227006164@qq.com

19 Dec 2017 14:42:02 connectionpool.py[line:208]DEBUG Starting new HTTP connection (1): localhost
19 Dec 2017 14:42:02 connectionpool.py[line:396]DEBUG http://localhost:58869 "GET http://file2.ichazuo.cn/h5/bgimg/offline_jyzs.png HTTP/1.1" 200 1018870
19 Dec 2017 14:42:19 connectionpool.py[line:208]DEBUG Starting new HTTP connection (1): localhost
19 Dec 2017 14:42:19 connectionpool.py[line:396]DEBUG http://localhost:58869 "GET http://file2.ichazuo.cn/h5/bgimg/offline_jyzs.png HTTP/1.1" 200 1018870
19 Dec 2017 14:42:30 PngImagePlugin.py[line:130]DEBUG STREAM b'IHDR' 16 13
19 Dec 2017 14:42:30 PngImagePlugin.py[line:130]DEBUG STREAM b'pHYs' 41 9
19 Dec 2017 14:42:30 PngImagePlugin.py[line:130]DEBUG STREAM b'iTXt' 62 15245
19 Dec 2017 14:42:30 PngImagePlugin.py[line:130]DEBUG STREAM b'cHRM' 15319 32
19 Dec 2017 14:42:30 PngImagePlugin.py[line:537]DEBUG b'cHRM' 15319 32 (unknown)
19 Dec 2017 14:42:30 PngImagePlugin.py[line:130]DEBUG STREAM b'IDAT' 15363 1003491
19 Dec 2017 14:42:36 send_email.py[line:22]INFO 初始化成功
19 Dec 2017 14:42:39 certificate.py[line:26]INFO 邮件发送成功江小咏:2227006164@qq.com

19 Dec 2017 16:04:33 connectionpool.py[line:208]DEBUG Starting new HTTP connection (1): localhost
19 Dec 2017 16:04:33 connectionpool.py[line:396]DEBUG http://localhost:58869 "GET http://file2.ichazuo.cn/h5/bgimg/offline_jyzs.png HTTP/1.1" 200 1018870
19 Dec 2017 16:04:44 PngImagePlugin.py[line:130]DEBUG STREAM b'IHDR' 16 13
19 Dec 2017 16:04:44 PngImagePlugin.py[line:130]DEBUG STREAM b'pHYs' 41 9
19 Dec 2017 16:04:44 PngImagePlugin.py[line:130]DEBUG STREAM b'iTXt' 62 15245
19 Dec 2017 16:04:44 PngImagePlugin.py[line:130]DEBUG STREAM b'cHRM' 15319 32
19 Dec 2017 16:04:44 PngImagePlugin.py[line:537]DEBUG b'cHRM' 15319 32 (unknown)
19 Dec 2017 16:04:44 PngImagePlugin.py[line:130]DEBUG STREAM b'IDAT' 15363 1003491
19 Dec 2017 16:04:51 send_email.py[line:22]INFO 初始化成功
19 Dec 2017 16:04:54 certificate.py[line:31]INFO 邮件发送成功江小咏:2227006164@qq.com

19 Dec 2017 16:22:38 connectionpool.py[line:208]DEBUG Starting new HTTP connection (1): localhost
19 Dec 2017 16:22:38 connectionpool.py[line:396]DEBUG http://localhost:58869 "GET http://file2.ichazuo.cn/h5/bgimg/offline_jyzs.png HTTP/1.1" 200 1018870
19 Dec 2017 16:22:49 PngImagePlugin.py[line:130]DEBUG STREAM b'IHDR' 16 13
19 Dec 2017 16:22:49 PngImagePlugin.py[line:130]DEBUG STREAM b'pHYs' 41 9
19 Dec 2017 16:22:49 PngImagePlugin.py[line:130]DEBUG STREAM b'iTXt' 62 15245
19 Dec 2017 16:22:49 PngImagePlugin.py[line:130]DEBUG STREAM b'cHRM' 15319 32
19 Dec 2017 16:22:49 PngImagePlugin.py[line:537]DEBUG b'cHRM' 15319 32 (unknown)
19 Dec 2017 16:22:49 PngImagePlugin.py[line:130]DEBUG STREAM b'IDAT' 15363 1003491
19 Dec 2017 16:22:56 send_email.py[line:22]INFO 初始化成功
19 Dec 2017 16:22:58 certificate.py[line:31]INFO 邮件发送成功江小咏:2227006164@qq.com

19 Dec 2017 16:23:42 PngImagePlugin.py[line:130]DEBUG STREAM b'IHDR' 16 13
19 Dec 2017 16:23:42 PngImagePlugin.py[line:130]DEBUG STREAM b'pHYs' 41 9
19 Dec 2017 16:23:42 PngImagePlugin.py[line:130]DEBUG STREAM b'iTXt' 62 15245
19 Dec 2017 16:23:42 PngImagePlugin.py[line:130]DEBUG STREAM b'cHRM' 15319 32
19 Dec 2017 16:23:42 PngImagePlugin.py[line:537]DEBUG b'cHRM' 15319 32 (unknown)
19 Dec 2017 16:23:42 PngImagePlugin.py[line:130]DEBUG STREAM b'IDAT' 15363 1003491
19 Dec 2017 16:23:48 send_email.py[line:22]INFO 初始化成功
19 Dec 2017 16:23:50 certificate.py[line:31]INFO 邮件发送成功江小咏:2227006164@qq.com

19 Dec 2017 16:27:37 connectionpool.py[line:208]DEBUG Starting new HTTP connection (1): localhost
19 Dec 2017 16:27:37 connectionpool.py[line:396]DEBUG http://localhost:58869 "GET http://file2.ichazuo.cn/h5/bgimg/offline_jyzs.jpg HTTP/1.1" 200 275926
19 Dec 2017 16:27:46 send_email.py[line:22]INFO 初始化成功
19 Dec 2017 16:27:48 certificate.py[line:31]INFO 邮件发送成功江小咏:2227006164@qq.com

19 Dec 2017 16:33:59 send_email.py[line:22]INFO 初始化成功
19 Dec 2017 16:34:01 certificate.py[line:32]INFO 邮件发送成功江小咏:2227006164@qq.com

19 Dec 2017 16:37:02 send_email.py[line:23]INFO 初始化成功
19 Dec 2017 16:37:04 certificate.py[line:32]INFO 邮件发送成功江小咏:2227006164@qq.com

19 Dec 2017 16:38:47 send_email.py[line:23]INFO 初始化成功
19 Dec 2017 16:38:48 certificate.py[line:32]INFO 邮件发送成功江小咏:2227006164@qq.com

19 Dec 2017 16:39:03 send_email.py[line:23]INFO 初始化成功
19 Dec 2017 16:39:05 certificate.py[line:32]INFO 邮件发送成功江小咏:2227006164@qq.com

19 Dec 2017 16:41:37 send_email.py[line:23]INFO 初始化成功
19 Dec 2017 16:41:39 certificate.py[line:32]INFO 邮件发送成功江小咏:2227006164@qq.com

19 Dec 2017 16:46:04 send_email.py[line:23]INFO 初始化成功
19 Dec 2017 16:46:05 certificate.py[line:32]INFO 邮件发送成功江小咏:2227006164@qq.com

19 Dec 2017 16:48:16 send_email.py[line:23]INFO 初始化成功
19 Dec 2017 16:48:18 certificate.py[line:32]INFO 邮件发送成功江小咏:2227006164@qq.com

19 Dec 2017 16:50:17 send_email.py[line:23]INFO 初始化成功
19 Dec 2017 16:50:19 certificate.py[line:32]INFO 邮件发送成功江小咏:2227006164@qq.com

19 Dec 2017 16:53:07 send_email.py[line:23]INFO 初始化成功
19 Dec 2017 16:53:07 certificate.py[line:32]INFO 邮件发送成功江小咏:2227006164@qq.com

19 Dec 2017 16:54:14 send_email.py[line:23]INFO 初始化成功
19 Dec 2017 16:54:14 certificate.py[line:32]INFO 邮件发送成功江小咏:2227006164@qq.com

19 Dec 2017 16:54:17 send_email.py[line:23]INFO 初始化成功
19 Dec 2017 16:54:17 certificate.py[line:32]INFO 邮件发送成功江小咏:2227006164@qq.com

19 Dec 2017 16:54:36 send_email.py[line:23]INFO 初始化成功
19 Dec 2017 16:54:38 certificate.py[line:32]INFO 邮件发送成功江小咏:2227006164@qq.com

19 Dec 2017 17:01:39 send_email.py[line:23]INFO 初始化成功
19 Dec 2017 17:01:39 certificate.py[line:32]INFO 邮件发送成功江小咏:2227006164@qq.com

19 Dec 2017 17:01:59 send_email.py[line:23]INFO 初始化成功
19 Dec 2017 17:02:01 certificate.py[line:32]INFO 邮件发送成功江小咏:2227006164@qq.com

19 Dec 2017 17:03:22 send_email.py[line:22]INFO 初始化成功
19 Dec 2017 17:03:23 certificate.py[line:32]INFO 邮件发送成功江小咏:2227006164@qq.com

19 Dec 2017 17:05:08 send_email.py[line:22]INFO 初始化成功
19 Dec 2017 17:05:10 certificate.py[line:32]INFO 邮件发送成功江小咏:2227006164@qq.com

19 Dec 2017 17:08:58 send_email.py[line:22]INFO 初始化成功
19 Dec 2017 17:09:02 certificate.py[line:30]INFO 邮件发送成功江小咏:2227006164@qq.com

19 Dec 2017 17:10:24 send_email.py[line:22]INFO 初始化成功
19 Dec 2017 17:10:29 certificate.py[line:30]INFO 邮件发送成功江小咏:2227006164@qq.com

19 Dec 2017 17:11:00 send_email.py[line:22]INFO 初始化成功
19 Dec 2017 17:11:03 certificate.py[line:30]INFO 邮件发送成功江小咏:2227006164@qq.com

19 Dec 2017 17:11:41 send_email.py[line:22]INFO 初始化成功
19 Dec 2017 17:11:43 certificate.py[line:30]INFO 邮件发送成功江小咏:2227006164@qq.com

19 Dec 2017 17:14:00 send_email.py[line:22]INFO 初始化成功
19 Dec 2017 17:14:02 certificate.py[line:30]INFO 邮件发送成功江小咏:2227006164@qq.com

19 Dec 2017 17:14:40 send_email.py[line:22]INFO 初始化成功
19 Dec 2017 17:14:42 certificate.py[line:30]INFO 邮件发送成功江小咏:2227006164@qq.com

19 Dec 2017 17:15:41 send_email.py[line:22]INFO 初始化成功
19 Dec 2017 17:15:43 certificate.py[line:30]INFO 邮件发送成功江小咏:2227006164@qq.com

19 Dec 2017 17:16:36 send_email.py[line:22]INFO 初始化成功
19 Dec 2017 17:16:38 certificate.py[line:30]INFO 邮件发送成功江小咏:2227006164@qq.com

19 Dec 2017 17:17:23 send_email.py[line:22]INFO 初始化成功
19 Dec 2017 17:17:26 certificate.py[line:30]INFO 邮件发送成功江小咏:2227006164@qq.com

19 Dec 2017 17:22:41 send_email.py[line:22]INFO 初始化成功
19 Dec 2017 17:22:43 certificate.py[line:30]INFO 邮件发送成功江小咏:2227006164@qq.com

19 Dec 2017 17:26:12 send_email.py[line:22]INFO 初始化成功
19 Dec 2017 17:26:14 certificate.py[line:30]INFO 邮件发送成功江小咏:2227006164@qq.com

19 Dec 2017 17:28:47 send_email.py[line:22]INFO 初始化成功
19 Dec 2017 17:28:49 certificate.py[line:30]INFO 邮件发送成功江小咏:2227006164@qq.com

19 Dec 2017 17:29:22 send_email.py[line:22]INFO 初始化成功
19 Dec 2017 17:29:24 certificate.py[line:30]INFO 邮件发送成功江小咏:2227006164@qq.com

19 Dec 2017 17:30:10 send_email.py[line:22]INFO 初始化成功
19 Dec 2017 17:30:12 certificate.py[line:30]INFO 邮件发送成功江小咏:2227006164@qq.com

19 Dec 2017 17:31:12 send_email.py[line:22]INFO 初始化成功
19 Dec 2017 17:31:16 certificate.py[line:30]INFO 邮件发送成功江小咏:2227006164@qq.com

19 Dec 2017 17:32:56 send_email.py[line:23]INFO 初始化成功
19 Dec 2017 17:32:58 certificate.py[line:30]INFO 邮件发送成功江小咏:2227006164@qq.com

19 Dec 2017 17:34:17 send_email.py[line:23]INFO 初始化成功
19 Dec 2017 17:34:19 certificate.py[line:30]INFO 邮件发送成功江小咏:2227006164@qq.com

19 Dec 2017 17:34:50 send_email.py[line:23]INFO 初始化成功
19 Dec 2017 17:34:53 certificate.py[line:30]INFO 邮件发送成功江小咏:2227006164@qq.com

19 Dec 2017 17:35:57 send_email.py[line:23]INFO 初始化成功
19 Dec 2017 17:35:59 certificate.py[line:30]INFO 邮件发送成功江小咏:2227006164@qq.com

19 Dec 2017 17:36:36 send_email.py[line:23]INFO 初始化成功
19 Dec 2017 17:36:38 certificate.py[line:30]INFO 邮件发送成功江小咏:2227006164@qq.com

19 Dec 2017 17:37:21 send_email.py[line:23]INFO 初始化成功
19 Dec 2017 17:37:24 certificate.py[line:30]INFO 邮件发送成功江小咏:2227006164@qq.com

19 Dec 2017 17:40:16 send_email.py[line:23]INFO 初始化成功
19 Dec 2017 17:40:19 certificate.py[line:30]INFO 邮件发送成功江小咏:2227006164@qq.com

19 Dec 2017 17:42:09 send_email.py[line:23]INFO 初始化成功
19 Dec 2017 17:42:11 certificate.py[line:30]INFO 邮件发送成功江小咏:2227006164@qq.com

19 Dec 2017 17:43:28 send_email.py[line:23]INFO 初始化成功
19 Dec 2017 17:43:30 certificate.py[line:30]INFO 邮件发送成功江小咏:2227006164@qq.com

20 Dec 2017 18:14:18 connectionpool.py[line:208]DEBUG Starting new HTTP connection (1): localhost
20 Dec 2017 18:14:18 connectionpool.py[line:396]DEBUG http://localhost:57563 "GET http://file2.ichazuo.cn/h5/bgimg/offline_jyzs.jpg HTTP/1.1" 200 275926
20 Dec 2017 18:14:28 send_email.py[line:23]INFO 初始化成功
20 Dec 2017 18:14:28 tasks.py[line:47]INFO 邮件发送成功江小咏:2227006164@qq.com

20 Dec 2017 18:20:30 send_email.py[line:23]INFO 初始化成功
20 Dec 2017 18:20:30 tasks.py[line:48]INFO 邮件发送成功江小咏:2227006164@qq.com

20 Dec 2017 18:22:23 send_email.py[line:23]INFO 初始化成功
20 Dec 2017 18:22:23 tasks.py[line:47]INFO 邮件发送成功江小咏:2227006164@qq.com

20 Dec 2017 18:27:54 send_email.py[line:23]INFO 初始化成功
20 Dec 2017 18:27:55 tasks.py[line:47]INFO 邮件发送成功江小咏:2227006164@qq.com

20 Dec 2017 18:29:16 send_email.py[line:23]INFO 初始化成功
20 Dec 2017 18:29:16 tasks.py[line:47]INFO 邮件发送成功江小咏:2227006164@qq.com

20 Dec 2017 18:31:45 send_email.py[line:23]INFO 初始化成功
20 Dec 2017 18:31:45 app.py[line:44]INFO 邮件发送成功江小咏:2227006164@qq.com

20 Dec 2017 18:36:51 send_email.py[line:23]INFO 初始化成功
20 Dec 2017 18:36:55 app.py[line:44]INFO 邮件发送成功江小咏:2227006164@qq.com

20 Dec 2017 18:38:48 send_email.py[line:23]INFO 初始化成功
20 Dec 2017 18:38:50 app.py[line:44]INFO 邮件发送成功江小咏:2227006164@qq.com

20 Dec 2017 18:45:11 send_email.py[line:23]INFO 初始化成功
20 Dec 2017 18:45:12 tasks.py[line:47]INFO 邮件发送成功江小咏:2227006164@qq.com

20 Dec 2017 18:45:41 send_email.py[line:23]INFO 初始化成功
20 Dec 2017 18:45:43 tasks.py[line:47]INFO 邮件发送成功江小咏:2227006164@qq.com

20 Dec 2017 19:03:13 send_email.py[line:23]INFO 初始化成功
20 Dec 2017 19:03:15 app.py[line:41]INFO 邮件发送成功江小咏:2227006164@qq.com

20 Dec 2017 19:03:49 send_email.py[line:23]INFO 初始化成功
20 Dec 2017 19:03:51 app.py[line:41]INFO 邮件发送成功江小咏:2227006164@qq.com

