23 Apr 2017 16:20:52 PngImagePlugin.py[line:135]DEBUG STREAM 'IHDR' 16 13
23 Apr 2017 16:20:52 PngImagePlugin.py[line:135]DEBUG STREAM 'pHYs' 41 9
23 Apr 2017 16:20:52 PngImagePlugin.py[line:135]DEBUG STREAM 'iTXt' 62 14783
23 Apr 2017 16:20:52 PngImagePlugin.py[line:135]DEBUG STREAM 'cHRM' 14857 32
23 Apr 2017 16:20:52 PngImagePlugin.py[line:542]DEBUG 'cHRM' 14857 32 (unknown)
23 Apr 2017 16:20:52 PngImagePlugin.py[line:135]DEBUG STREAM 'IDAT' 14901 985049
23 Apr 2017 16:21:18 gemail2.py[line:75]INFO 邮件发送成功叶培原:849203094@qq.com

23 Apr 2017 16:21:23 PngImagePlugin.py[line:135]DEBUG STREAM 'IHDR' 16 13
23 Apr 2017 16:21:23 PngImagePlugin.py[line:135]DEBUG STREAM 'pHYs' 41 9
23 Apr 2017 16:21:23 PngImagePlugin.py[line:135]DEBUG STREAM 'iTXt' 62 14783
23 Apr 2017 16:21:23 PngImagePlugin.py[line:135]DEBUG STREAM 'cHRM' 14857 32
23 Apr 2017 16:21:23 PngImagePlugin.py[line:542]DEBUG 'cHRM' 14857 32 (unknown)
23 Apr 2017 16:21:23 PngImagePlugin.py[line:135]DEBUG STREAM 'IDAT' 14901 985049
23 Apr 2017 16:21:51 gemail2.py[line:75]INFO 邮件发送成功吴唯:313705241@qq.com

23 Apr 2017 16:21:56 PngImagePlugin.py[line:135]DEBUG STREAM 'IHDR' 16 13
23 Apr 2017 16:21:56 PngImagePlugin.py[line:135]DEBUG STREAM 'pHYs' 41 9
23 Apr 2017 16:21:56 PngImagePlugin.py[line:135]DEBUG STREAM 'iTXt' 62 14783
23 Apr 2017 16:21:56 PngImagePlugin.py[line:135]DEBUG STREAM 'cHRM' 14857 32
23 Apr 2017 16:21:56 PngImagePlugin.py[line:542]DEBUG 'cHRM' 14857 32 (unknown)
23 Apr 2017 16:21:56 PngImagePlugin.py[line:135]DEBUG STREAM 'IDAT' 14901 985049
23 Apr 2017 16:22:23 gemail2.py[line:75]INFO 邮件发送成功老李:405078655@qq.com

23 Apr 2017 16:22:28 PngImagePlugin.py[line:135]DEBUG STREAM 'IHDR' 16 13
23 Apr 2017 16:22:28 PngImagePlugin.py[line:135]DEBUG STREAM 'pHYs' 41 9
23 Apr 2017 16:22:28 PngImagePlugin.py[line:135]DEBUG STREAM 'iTXt' 62 14783
23 Apr 2017 16:22:28 PngImagePlugin.py[line:135]DEBUG STREAM 'cHRM' 14857 32
23 Apr 2017 16:22:28 PngImagePlugin.py[line:542]DEBUG 'cHRM' 14857 32 (unknown)
23 Apr 2017 16:22:28 PngImagePlugin.py[line:135]DEBUG STREAM 'IDAT' 14901 985049
23 Apr 2017 16:22:42 gemail2.py[line:75]INFO 邮件发送成功陈婷:chenting1949@126.com

23 Apr 2017 16:22:48 PngImagePlugin.py[line:135]DEBUG STREAM 'IHDR' 16 13
23 Apr 2017 16:22:48 PngImagePlugin.py[line:135]DEBUG STREAM 'pHYs' 41 9
23 Apr 2017 16:22:48 PngImagePlugin.py[line:135]DEBUG STREAM 'iTXt' 62 14783
23 Apr 2017 16:22:48 PngImagePlugin.py[line:135]DEBUG STREAM 'cHRM' 14857 32
23 Apr 2017 16:22:48 PngImagePlugin.py[line:542]DEBUG 'cHRM' 14857 32 (unknown)
23 Apr 2017 16:22:48 PngImagePlugin.py[line:135]DEBUG STREAM 'IDAT' 14901 985049
23 Apr 2017 16:23:15 gemail2.py[line:75]INFO 邮件发送成功林锋伟:292328958@qq.com

23 Apr 2017 16:23:20 PngImagePlugin.py[line:135]DEBUG STREAM 'IHDR' 16 13
23 Apr 2017 16:23:20 PngImagePlugin.py[line:135]DEBUG STREAM 'pHYs' 41 9
23 Apr 2017 16:23:20 PngImagePlugin.py[line:135]DEBUG STREAM 'iTXt' 62 14783
23 Apr 2017 16:23:20 PngImagePlugin.py[line:135]DEBUG STREAM 'cHRM' 14857 32
23 Apr 2017 16:23:20 PngImagePlugin.py[line:542]DEBUG 'cHRM' 14857 32 (unknown)
23 Apr 2017 16:23:20 PngImagePlugin.py[line:135]DEBUG STREAM 'IDAT' 14901 985049
23 Apr 2017 16:23:48 gemail2.py[line:75]INFO 邮件发送成功姚琳:790346341@qq.com

23 Apr 2017 16:23:54 PngImagePlugin.py[line:135]DEBUG STREAM 'IHDR' 16 13
23 Apr 2017 16:23:54 PngImagePlugin.py[line:135]DEBUG STREAM 'pHYs' 41 9
23 Apr 2017 16:23:54 PngImagePlugin.py[line:135]DEBUG STREAM 'iTXt' 62 14783
23 Apr 2017 16:23:54 PngImagePlugin.py[line:135]DEBUG STREAM 'cHRM' 14857 32
23 Apr 2017 16:23:54 PngImagePlugin.py[line:542]DEBUG 'cHRM' 14857 32 (unknown)
23 Apr 2017 16:23:54 PngImagePlugin.py[line:135]DEBUG STREAM 'IDAT' 14901 985049
23 Apr 2017 16:24:04 gemail2.py[line:75]INFO 邮件发送成功吴梦珏:1442477882@qq.com

23 Apr 2017 16:24:09 PngImagePlugin.py[line:135]DEBUG STREAM 'IHDR' 16 13
23 Apr 2017 16:24:09 PngImagePlugin.py[line:135]DEBUG STREAM 'pHYs' 41 9
23 Apr 2017 16:24:09 PngImagePlugin.py[line:135]DEBUG STREAM 'iTXt' 62 14783
23 Apr 2017 16:24:09 PngImagePlugin.py[line:135]DEBUG STREAM 'cHRM' 14857 32
23 Apr 2017 16:24:09 PngImagePlugin.py[line:542]DEBUG 'cHRM' 14857 32 (unknown)
23 Apr 2017 16:24:09 PngImagePlugin.py[line:135]DEBUG STREAM 'IDAT' 14901 985049
23 Apr 2017 16:24:16 gemail2.py[line:75]INFO 邮件发送成功戴文宇:daiwenyu@shundai.co

23 Apr 2017 16:24:22 PngImagePlugin.py[line:135]DEBUG STREAM 'IHDR' 16 13
23 Apr 2017 16:24:22 PngImagePlugin.py[line:135]DEBUG STREAM 'pHYs' 41 9
23 Apr 2017 16:24:22 PngImagePlugin.py[line:135]DEBUG STREAM 'iTXt' 62 14783
23 Apr 2017 16:24:22 PngImagePlugin.py[line:135]DEBUG STREAM 'cHRM' 14857 32
23 Apr 2017 16:24:22 PngImagePlugin.py[line:542]DEBUG 'cHRM' 14857 32 (unknown)
23 Apr 2017 16:24:22 PngImagePlugin.py[line:135]DEBUG STREAM 'IDAT' 14901 985049
23 Apr 2017 16:24:29 gemail2.py[line:75]INFO 邮件发送成功沈乐杨:shenly@dreammove.cn

23 Apr 2017 16:24:34 PngImagePlugin.py[line:135]DEBUG STREAM 'IHDR' 16 13
23 Apr 2017 16:24:34 PngImagePlugin.py[line:135]DEBUG STREAM 'pHYs' 41 9
23 Apr 2017 16:24:34 PngImagePlugin.py[line:135]DEBUG STREAM 'iTXt' 62 14783
23 Apr 2017 16:24:34 PngImagePlugin.py[line:135]DEBUG STREAM 'cHRM' 14857 32
23 Apr 2017 16:24:34 PngImagePlugin.py[line:542]DEBUG 'cHRM' 14857 32 (unknown)
23 Apr 2017 16:24:34 PngImagePlugin.py[line:135]DEBUG STREAM 'IDAT' 14901 985049
23 Apr 2017 16:24:45 gemail2.py[line:75]INFO 邮件发送成功戴里亮:664943061@qq.com

23 Apr 2017 16:24:50 PngImagePlugin.py[line:135]DEBUG STREAM 'IHDR' 16 13
23 Apr 2017 16:24:50 PngImagePlugin.py[line:135]DEBUG STREAM 'pHYs' 41 9
23 Apr 2017 16:24:50 PngImagePlugin.py[line:135]DEBUG STREAM 'iTXt' 62 14783
23 Apr 2017 16:24:50 PngImagePlugin.py[line:135]DEBUG STREAM 'cHRM' 14857 32
23 Apr 2017 16:24:50 PngImagePlugin.py[line:542]DEBUG 'cHRM' 14857 32 (unknown)
23 Apr 2017 16:24:50 PngImagePlugin.py[line:135]DEBUG STREAM 'IDAT' 14901 985049
23 Apr 2017 16:25:00 gemail2.py[line:75]INFO 邮件发送成功谭木:1103534607@qq.com

23 Apr 2017 16:25:06 PngImagePlugin.py[line:135]DEBUG STREAM 'IHDR' 16 13
23 Apr 2017 16:25:06 PngImagePlugin.py[line:135]DEBUG STREAM 'pHYs' 41 9
23 Apr 2017 16:25:06 PngImagePlugin.py[line:135]DEBUG STREAM 'iTXt' 62 14783
23 Apr 2017 16:25:06 PngImagePlugin.py[line:135]DEBUG STREAM 'cHRM' 14857 32
23 Apr 2017 16:25:06 PngImagePlugin.py[line:542]DEBUG 'cHRM' 14857 32 (unknown)
23 Apr 2017 16:25:06 PngImagePlugin.py[line:135]DEBUG STREAM 'IDAT' 14901 985049
23 Apr 2017 16:25:19 gemail2.py[line:75]INFO 邮件发送成功周晓莺:zhouxy@gasgoo.com

23 Apr 2017 16:25:25 PngImagePlugin.py[line:135]DEBUG STREAM 'IHDR' 16 13
23 Apr 2017 16:25:25 PngImagePlugin.py[line:135]DEBUG STREAM 'pHYs' 41 9
23 Apr 2017 16:25:25 PngImagePlugin.py[line:135]DEBUG STREAM 'iTXt' 62 14783
23 Apr 2017 16:25:25 PngImagePlugin.py[line:135]DEBUG STREAM 'cHRM' 14857 32
23 Apr 2017 16:25:25 PngImagePlugin.py[line:542]DEBUG 'cHRM' 14857 32 (unknown)
23 Apr 2017 16:25:25 PngImagePlugin.py[line:135]DEBUG STREAM 'IDAT' 14901 985049
23 Apr 2017 16:25:35 gemail2.py[line:75]INFO 邮件发送成功王秒丹:947594007@qq.com

23 Apr 2017 16:25:41 PngImagePlugin.py[line:135]DEBUG STREAM 'IHDR' 16 13
23 Apr 2017 16:25:41 PngImagePlugin.py[line:135]DEBUG STREAM 'pHYs' 41 9
23 Apr 2017 16:25:41 PngImagePlugin.py[line:135]DEBUG STREAM 'iTXt' 62 14783
23 Apr 2017 16:25:41 PngImagePlugin.py[line:135]DEBUG STREAM 'cHRM' 14857 32
23 Apr 2017 16:25:41 PngImagePlugin.py[line:542]DEBUG 'cHRM' 14857 32 (unknown)
23 Apr 2017 16:25:41 PngImagePlugin.py[line:135]DEBUG STREAM 'IDAT' 14901 985049
23 Apr 2017 16:25:46 gemail2.py[line:75]INFO 邮件发送成功孙琳:lyn_sun@163.com

23 Apr 2017 16:25:51 PngImagePlugin.py[line:135]DEBUG STREAM 'IHDR' 16 13
23 Apr 2017 16:25:51 PngImagePlugin.py[line:135]DEBUG STREAM 'pHYs' 41 9
23 Apr 2017 16:25:51 PngImagePlugin.py[line:135]DEBUG STREAM 'iTXt' 62 14783
23 Apr 2017 16:25:51 PngImagePlugin.py[line:135]DEBUG STREAM 'cHRM' 14857 32
23 Apr 2017 16:25:51 PngImagePlugin.py[line:542]DEBUG 'cHRM' 14857 32 (unknown)
23 Apr 2017 16:25:51 PngImagePlugin.py[line:135]DEBUG STREAM 'IDAT' 14901 985049
23 Apr 2017 16:25:57 gemail2.py[line:75]INFO 邮件发送成功陈健:lerco911@163.com

23 Apr 2017 16:26:03 PngImagePlugin.py[line:135]DEBUG STREAM 'IHDR' 16 13
23 Apr 2017 16:26:03 PngImagePlugin.py[line:135]DEBUG STREAM 'pHYs' 41 9
23 Apr 2017 16:26:03 PngImagePlugin.py[line:135]DEBUG STREAM 'iTXt' 62 14783
23 Apr 2017 16:26:03 PngImagePlugin.py[line:135]DEBUG STREAM 'cHRM' 14857 32
23 Apr 2017 16:26:03 PngImagePlugin.py[line:542]DEBUG 'cHRM' 14857 32 (unknown)
23 Apr 2017 16:26:03 PngImagePlugin.py[line:135]DEBUG STREAM 'IDAT' 14901 985049
23 Apr 2017 16:26:14 gemail2.py[line:75]INFO 邮件发送成功殷玉婷:326833575@qq.com

23 Apr 2017 16:26:19 PngImagePlugin.py[line:135]DEBUG STREAM 'IHDR' 16 13
23 Apr 2017 16:26:19 PngImagePlugin.py[line:135]DEBUG STREAM 'pHYs' 41 9
23 Apr 2017 16:26:19 PngImagePlugin.py[line:135]DEBUG STREAM 'iTXt' 62 14783
23 Apr 2017 16:26:19 PngImagePlugin.py[line:135]DEBUG STREAM 'cHRM' 14857 32
23 Apr 2017 16:26:19 PngImagePlugin.py[line:542]DEBUG 'cHRM' 14857 32 (unknown)
23 Apr 2017 16:26:19 PngImagePlugin.py[line:135]DEBUG STREAM 'IDAT' 14901 985049
23 Apr 2017 16:26:31 gemail2.py[line:75]INFO 邮件发送成功王巧球:380165408@qq.com

23 Apr 2017 16:26:37 PngImagePlugin.py[line:135]DEBUG STREAM 'IHDR' 16 13
23 Apr 2017 16:26:37 PngImagePlugin.py[line:135]DEBUG STREAM 'pHYs' 41 9
23 Apr 2017 16:26:37 PngImagePlugin.py[line:135]DEBUG STREAM 'iTXt' 62 14783
23 Apr 2017 16:26:37 PngImagePlugin.py[line:135]DEBUG STREAM 'cHRM' 14857 32
23 Apr 2017 16:26:37 PngImagePlugin.py[line:542]DEBUG 'cHRM' 14857 32 (unknown)
23 Apr 2017 16:26:37 PngImagePlugin.py[line:135]DEBUG STREAM 'IDAT' 14901 985049
23 Apr 2017 16:26:47 gemail2.py[line:75]INFO 邮件发送成功王雪莹:756460431@qq.com

23 Apr 2017 16:26:52 PngImagePlugin.py[line:135]DEBUG STREAM 'IHDR' 16 13
23 Apr 2017 16:26:52 PngImagePlugin.py[line:135]DEBUG STREAM 'pHYs' 41 9
23 Apr 2017 16:26:52 PngImagePlugin.py[line:135]DEBUG STREAM 'iTXt' 62 14783
23 Apr 2017 16:26:52 PngImagePlugin.py[line:135]DEBUG STREAM 'cHRM' 14857 32
23 Apr 2017 16:26:52 PngImagePlugin.py[line:542]DEBUG 'cHRM' 14857 32 (unknown)
23 Apr 2017 16:26:52 PngImagePlugin.py[line:135]DEBUG STREAM 'IDAT' 14901 985049
23 Apr 2017 16:26:58 gemail2.py[line:75]INFO 邮件发送成功胡丹阳:me_apple@126.com

23 Apr 2017 16:27:03 PngImagePlugin.py[line:135]DEBUG STREAM 'IHDR' 16 13
23 Apr 2017 16:27:03 PngImagePlugin.py[line:135]DEBUG STREAM 'pHYs' 41 9
23 Apr 2017 16:27:03 PngImagePlugin.py[line:135]DEBUG STREAM 'iTXt' 62 14783
23 Apr 2017 16:27:03 PngImagePlugin.py[line:135]DEBUG STREAM 'cHRM' 14857 32
23 Apr 2017 16:27:03 PngImagePlugin.py[line:542]DEBUG 'cHRM' 14857 32 (unknown)
23 Apr 2017 16:27:03 PngImagePlugin.py[line:135]DEBUG STREAM 'IDAT' 14901 985049
23 Apr 2017 16:27:13 gemail2.py[line:75]INFO 邮件发送成功栾澜:1378500142@qq.com

23 Apr 2017 16:27:18 PngImagePlugin.py[line:135]DEBUG STREAM 'IHDR' 16 13
23 Apr 2017 16:27:18 PngImagePlugin.py[line:135]DEBUG STREAM 'pHYs' 41 9
23 Apr 2017 16:27:18 PngImagePlugin.py[line:135]DEBUG STREAM 'iTXt' 62 14783
23 Apr 2017 16:27:18 PngImagePlugin.py[line:135]DEBUG STREAM 'cHRM' 14857 32
23 Apr 2017 16:27:18 PngImagePlugin.py[line:542]DEBUG 'cHRM' 14857 32 (unknown)
23 Apr 2017 16:27:18 PngImagePlugin.py[line:135]DEBUG STREAM 'IDAT' 14901 985049
23 Apr 2017 16:27:28 gemail2.py[line:75]INFO 邮件发送成功嵇清:112825399@qq.com

23 Apr 2017 16:27:34 PngImagePlugin.py[line:135]DEBUG STREAM 'IHDR' 16 13
23 Apr 2017 16:27:34 PngImagePlugin.py[line:135]DEBUG STREAM 'pHYs' 41 9
23 Apr 2017 16:27:34 PngImagePlugin.py[line:135]DEBUG STREAM 'iTXt' 62 14783
23 Apr 2017 16:27:34 PngImagePlugin.py[line:135]DEBUG STREAM 'cHRM' 14857 32
23 Apr 2017 16:27:34 PngImagePlugin.py[line:542]DEBUG 'cHRM' 14857 32 (unknown)
23 Apr 2017 16:27:34 PngImagePlugin.py[line:135]DEBUG STREAM 'IDAT' 14901 985049
23 Apr 2017 16:27:44 gemail2.py[line:75]INFO 邮件发送成功董利峰:370068017@qq.com

23 Apr 2017 16:27:50 PngImagePlugin.py[line:135]DEBUG STREAM 'IHDR' 16 13
23 Apr 2017 16:27:50 PngImagePlugin.py[line:135]DEBUG STREAM 'pHYs' 41 9
23 Apr 2017 16:27:50 PngImagePlugin.py[line:135]DEBUG STREAM 'iTXt' 62 14783
23 Apr 2017 16:27:50 PngImagePlugin.py[line:135]DEBUG STREAM 'cHRM' 14857 32
23 Apr 2017 16:27:50 PngImagePlugin.py[line:542]DEBUG 'cHRM' 14857 32 (unknown)
23 Apr 2017 16:27:50 PngImagePlugin.py[line:135]DEBUG STREAM 'IDAT' 14901 985049
23 Apr 2017 16:28:03 gemail2.py[line:75]INFO 邮件发送成功危凯雯:592237512@qq.com

23 Apr 2017 16:28:09 PngImagePlugin.py[line:135]DEBUG STREAM 'IHDR' 16 13
23 Apr 2017 16:28:09 PngImagePlugin.py[line:135]DEBUG STREAM 'pHYs' 41 9
23 Apr 2017 16:28:09 PngImagePlugin.py[line:135]DEBUG STREAM 'iTXt' 62 14783
23 Apr 2017 16:28:09 PngImagePlugin.py[line:135]DEBUG STREAM 'cHRM' 14857 32
23 Apr 2017 16:28:09 PngImagePlugin.py[line:542]DEBUG 'cHRM' 14857 32 (unknown)
23 Apr 2017 16:28:09 PngImagePlugin.py[line:135]DEBUG STREAM 'IDAT' 14901 985049
23 Apr 2017 16:28:19 gemail2.py[line:75]INFO 邮件发送成功梁爱琴:58979002@qq.com

23 Apr 2017 16:28:24 PngImagePlugin.py[line:135]DEBUG STREAM 'IHDR' 16 13
23 Apr 2017 16:28:24 PngImagePlugin.py[line:135]DEBUG STREAM 'pHYs' 41 9
23 Apr 2017 16:28:24 PngImagePlugin.py[line:135]DEBUG STREAM 'iTXt' 62 14783
23 Apr 2017 16:28:24 PngImagePlugin.py[line:135]DEBUG STREAM 'cHRM' 14857 32
23 Apr 2017 16:28:24 PngImagePlugin.py[line:542]DEBUG 'cHRM' 14857 32 (unknown)
23 Apr 2017 16:28:24 PngImagePlugin.py[line:135]DEBUG STREAM 'IDAT' 14901 985049
23 Apr 2017 16:28:34 gemail2.py[line:75]INFO 邮件发送成功刘文明:571597241@qq.com

23 Apr 2017 16:28:39 PngImagePlugin.py[line:135]DEBUG STREAM 'IHDR' 16 13
23 Apr 2017 16:28:39 PngImagePlugin.py[line:135]DEBUG STREAM 'pHYs' 41 9
23 Apr 2017 16:28:39 PngImagePlugin.py[line:135]DEBUG STREAM 'iTXt' 62 14783
23 Apr 2017 16:28:39 PngImagePlugin.py[line:135]DEBUG STREAM 'cHRM' 14857 32
23 Apr 2017 16:28:39 PngImagePlugin.py[line:542]DEBUG 'cHRM' 14857 32 (unknown)
23 Apr 2017 16:28:39 PngImagePlugin.py[line:135]DEBUG STREAM 'IDAT' 14901 985049
23 Apr 2017 16:28:51 gemail2.py[line:75]INFO 邮件发送成功林芳:125833684@qq.com

23 Apr 2017 16:28:57 PngImagePlugin.py[line:135]DEBUG STREAM 'IHDR' 16 13
23 Apr 2017 16:28:57 PngImagePlugin.py[line:135]DEBUG STREAM 'pHYs' 41 9
23 Apr 2017 16:28:57 PngImagePlugin.py[line:135]DEBUG STREAM 'iTXt' 62 14783
23 Apr 2017 16:28:57 PngImagePlugin.py[line:135]DEBUG STREAM 'cHRM' 14857 32
23 Apr 2017 16:28:57 PngImagePlugin.py[line:542]DEBUG 'cHRM' 14857 32 (unknown)
23 Apr 2017 16:28:57 PngImagePlugin.py[line:135]DEBUG STREAM 'IDAT' 14901 985049
23 Apr 2017 16:29:11 gemail2.py[line:75]INFO 邮件发送成功陈林坚:344037487@qq.com

23 Apr 2017 16:29:17 PngImagePlugin.py[line:135]DEBUG STREAM 'IHDR' 16 13
23 Apr 2017 16:29:17 PngImagePlugin.py[line:135]DEBUG STREAM 'pHYs' 41 9
23 Apr 2017 16:29:17 PngImagePlugin.py[line:135]DEBUG STREAM 'iTXt' 62 14783
23 Apr 2017 16:29:17 PngImagePlugin.py[line:135]DEBUG STREAM 'cHRM' 14857 32
23 Apr 2017 16:29:17 PngImagePlugin.py[line:542]DEBUG 'cHRM' 14857 32 (unknown)
23 Apr 2017 16:29:17 PngImagePlugin.py[line:135]DEBUG STREAM 'IDAT' 14901 985049
23 Apr 2017 16:29:27 gemail2.py[line:75]INFO 邮件发送成功陈韦宏:3924003@qq.com

23 Apr 2017 16:29:32 PngImagePlugin.py[line:135]DEBUG STREAM 'IHDR' 16 13
23 Apr 2017 16:29:32 PngImagePlugin.py[line:135]DEBUG STREAM 'pHYs' 41 9
23 Apr 2017 16:29:32 PngImagePlugin.py[line:135]DEBUG STREAM 'iTXt' 62 14783
23 Apr 2017 16:29:32 PngImagePlugin.py[line:135]DEBUG STREAM 'cHRM' 14857 32
23 Apr 2017 16:29:32 PngImagePlugin.py[line:542]DEBUG 'cHRM' 14857 32 (unknown)
23 Apr 2017 16:29:32 PngImagePlugin.py[line:135]DEBUG STREAM 'IDAT' 14901 985049
23 Apr 2017 16:29:45 gemail2.py[line:75]INFO 邮件发送成功张茜茜:641319070@qq.com

23 Apr 2017 16:29:50 PngImagePlugin.py[line:135]DEBUG STREAM 'IHDR' 16 13
23 Apr 2017 16:29:50 PngImagePlugin.py[line:135]DEBUG STREAM 'pHYs' 41 9
23 Apr 2017 16:29:50 PngImagePlugin.py[line:135]DEBUG STREAM 'iTXt' 62 14783
23 Apr 2017 16:29:50 PngImagePlugin.py[line:135]DEBUG STREAM 'cHRM' 14857 32
23 Apr 2017 16:29:50 PngImagePlugin.py[line:542]DEBUG 'cHRM' 14857 32 (unknown)
23 Apr 2017 16:29:50 PngImagePlugin.py[line:135]DEBUG STREAM 'IDAT' 14901 985049
23 Apr 2017 16:30:01 gemail2.py[line:75]INFO 邮件发送成功乔祺:513225013@qq.com

23 Apr 2017 16:30:06 PngImagePlugin.py[line:135]DEBUG STREAM 'IHDR' 16 13
23 Apr 2017 16:30:06 PngImagePlugin.py[line:135]DEBUG STREAM 'pHYs' 41 9
23 Apr 2017 16:30:06 PngImagePlugin.py[line:135]DEBUG STREAM 'iTXt' 62 14783
23 Apr 2017 16:30:06 PngImagePlugin.py[line:135]DEBUG STREAM 'cHRM' 14857 32
23 Apr 2017 16:30:06 PngImagePlugin.py[line:542]DEBUG 'cHRM' 14857 32 (unknown)
23 Apr 2017 16:30:06 PngImagePlugin.py[line:135]DEBUG STREAM 'IDAT' 14901 985049
23 Apr 2017 16:30:19 gemail2.py[line:75]INFO 邮件发送成功蒋画:281367888@qq.com

23 Apr 2017 16:30:25 PngImagePlugin.py[line:135]DEBUG STREAM 'IHDR' 16 13
23 Apr 2017 16:30:25 PngImagePlugin.py[line:135]DEBUG STREAM 'pHYs' 41 9
23 Apr 2017 16:30:25 PngImagePlugin.py[line:135]DEBUG STREAM 'iTXt' 62 14783
23 Apr 2017 16:30:25 PngImagePlugin.py[line:135]DEBUG STREAM 'cHRM' 14857 32
23 Apr 2017 16:30:25 PngImagePlugin.py[line:542]DEBUG 'cHRM' 14857 32 (unknown)
23 Apr 2017 16:30:25 PngImagePlugin.py[line:135]DEBUG STREAM 'IDAT' 14901 985049
23 Apr 2017 16:30:35 gemail2.py[line:75]INFO 邮件发送成功阮卓杰:335038722@qq.com

23 Apr 2017 16:30:40 PngImagePlugin.py[line:135]DEBUG STREAM 'IHDR' 16 13
23 Apr 2017 16:30:40 PngImagePlugin.py[line:135]DEBUG STREAM 'pHYs' 41 9
23 Apr 2017 16:30:40 PngImagePlugin.py[line:135]DEBUG STREAM 'iTXt' 62 14783
23 Apr 2017 16:30:40 PngImagePlugin.py[line:135]DEBUG STREAM 'cHRM' 14857 32
23 Apr 2017 16:30:40 PngImagePlugin.py[line:542]DEBUG 'cHRM' 14857 32 (unknown)
23 Apr 2017 16:30:40 PngImagePlugin.py[line:135]DEBUG STREAM 'IDAT' 14901 985049
23 Apr 2017 16:30:55 gemail2.py[line:75]INFO 邮件发送成功曲思颖:siying21@qq.com

23 Apr 2017 16:31:00 PngImagePlugin.py[line:135]DEBUG STREAM 'IHDR' 16 13
23 Apr 2017 16:31:00 PngImagePlugin.py[line:135]DEBUG STREAM 'pHYs' 41 9
23 Apr 2017 16:31:00 PngImagePlugin.py[line:135]DEBUG STREAM 'iTXt' 62 14783
23 Apr 2017 16:31:00 PngImagePlugin.py[line:135]DEBUG STREAM 'cHRM' 14857 32
23 Apr 2017 16:31:00 PngImagePlugin.py[line:542]DEBUG 'cHRM' 14857 32 (unknown)
23 Apr 2017 16:31:00 PngImagePlugin.py[line:135]DEBUG STREAM 'IDAT' 14901 985049
23 Apr 2017 16:31:11 gemail2.py[line:75]INFO 邮件发送成功郭瑞:339183441@qq.com

23 Apr 2017 16:31:17 PngImagePlugin.py[line:135]DEBUG STREAM 'IHDR' 16 13
23 Apr 2017 16:31:17 PngImagePlugin.py[line:135]DEBUG STREAM 'pHYs' 41 9
23 Apr 2017 16:31:17 PngImagePlugin.py[line:135]DEBUG STREAM 'iTXt' 62 14783
23 Apr 2017 16:31:17 PngImagePlugin.py[line:135]DEBUG STREAM 'cHRM' 14857 32
23 Apr 2017 16:31:17 PngImagePlugin.py[line:542]DEBUG 'cHRM' 14857 32 (unknown)
23 Apr 2017 16:31:17 PngImagePlugin.py[line:135]DEBUG STREAM 'IDAT' 14901 985049
23 Apr 2017 16:31:22 gemail2.py[line:75]INFO 邮件发送成功柯喆:13262980897@163.com

23 Apr 2017 16:31:27 PngImagePlugin.py[line:135]DEBUG STREAM 'IHDR' 16 13
23 Apr 2017 16:31:27 PngImagePlugin.py[line:135]DEBUG STREAM 'pHYs' 41 9
23 Apr 2017 16:31:27 PngImagePlugin.py[line:135]DEBUG STREAM 'iTXt' 62 14783
23 Apr 2017 16:31:27 PngImagePlugin.py[line:135]DEBUG STREAM 'cHRM' 14857 32
23 Apr 2017 16:31:27 PngImagePlugin.py[line:542]DEBUG 'cHRM' 14857 32 (unknown)
23 Apr 2017 16:31:27 PngImagePlugin.py[line:135]DEBUG STREAM 'IDAT' 14901 985049
23 Apr 2017 16:31:39 gemail2.py[line:75]INFO 邮件发送成功廖一宁:717652662@qq.com

23 Apr 2017 16:31:44 PngImagePlugin.py[line:135]DEBUG STREAM 'IHDR' 16 13
23 Apr 2017 16:31:44 PngImagePlugin.py[line:135]DEBUG STREAM 'pHYs' 41 9
23 Apr 2017 16:31:44 PngImagePlugin.py[line:135]DEBUG STREAM 'iTXt' 62 14783
23 Apr 2017 16:31:44 PngImagePlugin.py[line:135]DEBUG STREAM 'cHRM' 14857 32
23 Apr 2017 16:31:44 PngImagePlugin.py[line:542]DEBUG 'cHRM' 14857 32 (unknown)
23 Apr 2017 16:31:44 PngImagePlugin.py[line:135]DEBUG STREAM 'IDAT' 14901 985049
23 Apr 2017 16:31:50 gemail2.py[line:75]INFO 邮件发送成功谷元理:chynnalee@vip.qq.com

23 Apr 2017 16:31:55 PngImagePlugin.py[line:135]DEBUG STREAM 'IHDR' 16 13
23 Apr 2017 16:31:55 PngImagePlugin.py[line:135]DEBUG STREAM 'pHYs' 41 9
23 Apr 2017 16:31:55 PngImagePlugin.py[line:135]DEBUG STREAM 'iTXt' 62 14783
23 Apr 2017 16:31:55 PngImagePlugin.py[line:135]DEBUG STREAM 'cHRM' 14857 32
23 Apr 2017 16:31:55 PngImagePlugin.py[line:542]DEBUG 'cHRM' 14857 32 (unknown)
23 Apr 2017 16:31:55 PngImagePlugin.py[line:135]DEBUG STREAM 'IDAT' 14901 985049
23 Apr 2017 16:32:06 gemail2.py[line:75]INFO 邮件发送成功闭为民:214993922@qq.com

23 Apr 2017 16:32:12 PngImagePlugin.py[line:135]DEBUG STREAM 'IHDR' 16 13
23 Apr 2017 16:32:12 PngImagePlugin.py[line:135]DEBUG STREAM 'pHYs' 41 9
23 Apr 2017 16:32:12 PngImagePlugin.py[line:135]DEBUG STREAM 'iTXt' 62 14783
23 Apr 2017 16:32:12 PngImagePlugin.py[line:135]DEBUG STREAM 'cHRM' 14857 32
23 Apr 2017 16:32:12 PngImagePlugin.py[line:542]DEBUG 'cHRM' 14857 32 (unknown)
23 Apr 2017 16:32:12 PngImagePlugin.py[line:135]DEBUG STREAM 'IDAT' 14901 985049
23 Apr 2017 16:32:26 gemail2.py[line:75]INFO 邮件发送成功赵鹏:66700761@qq.com

23 Apr 2017 16:32:31 PngImagePlugin.py[line:135]DEBUG STREAM 'IHDR' 16 13
23 Apr 2017 16:32:31 PngImagePlugin.py[line:135]DEBUG STREAM 'pHYs' 41 9
23 Apr 2017 16:32:31 PngImagePlugin.py[line:135]DEBUG STREAM 'iTXt' 62 14783
23 Apr 2017 16:32:31 PngImagePlugin.py[line:135]DEBUG STREAM 'cHRM' 14857 32
23 Apr 2017 16:32:31 PngImagePlugin.py[line:542]DEBUG 'cHRM' 14857 32 (unknown)
23 Apr 2017 16:32:31 PngImagePlugin.py[line:135]DEBUG STREAM 'IDAT' 14901 985049
23 Apr 2017 16:32:45 gemail2.py[line:75]INFO 邮件发送成功陈瑱瑜:407885336@qq.com

23 Apr 2017 16:32:50 PngImagePlugin.py[line:135]DEBUG STREAM 'IHDR' 16 13
23 Apr 2017 16:32:50 PngImagePlugin.py[line:135]DEBUG STREAM 'pHYs' 41 9
23 Apr 2017 16:32:50 PngImagePlugin.py[line:135]DEBUG STREAM 'iTXt' 62 14783
23 Apr 2017 16:32:50 PngImagePlugin.py[line:135]DEBUG STREAM 'cHRM' 14857 32
23 Apr 2017 16:32:50 PngImagePlugin.py[line:542]DEBUG 'cHRM' 14857 32 (unknown)
23 Apr 2017 16:32:50 PngImagePlugin.py[line:135]DEBUG STREAM 'IDAT' 14901 985049
23 Apr 2017 16:33:03 gemail2.py[line:75]INFO 邮件发送成功以又西柚:373292356@qq.com

23 Apr 2017 16:33:08 PngImagePlugin.py[line:135]DEBUG STREAM 'IHDR' 16 13
23 Apr 2017 16:33:08 PngImagePlugin.py[line:135]DEBUG STREAM 'pHYs' 41 9
23 Apr 2017 16:33:08 PngImagePlugin.py[line:135]DEBUG STREAM 'iTXt' 62 14783
23 Apr 2017 16:33:08 PngImagePlugin.py[line:135]DEBUG STREAM 'cHRM' 14857 32
23 Apr 2017 16:33:08 PngImagePlugin.py[line:542]DEBUG 'cHRM' 14857 32 (unknown)
23 Apr 2017 16:33:08 PngImagePlugin.py[line:135]DEBUG STREAM 'IDAT' 14901 985049
23 Apr 2017 16:33:22 gemail2.py[line:75]INFO 邮件发送成功黄静霞:1656099624@qq.com

23 Apr 2017 16:33:27 PngImagePlugin.py[line:135]DEBUG STREAM 'IHDR' 16 13
23 Apr 2017 16:33:27 PngImagePlugin.py[line:135]DEBUG STREAM 'pHYs' 41 9
23 Apr 2017 16:33:27 PngImagePlugin.py[line:135]DEBUG STREAM 'iTXt' 62 14783
23 Apr 2017 16:33:27 PngImagePlugin.py[line:135]DEBUG STREAM 'cHRM' 14857 32
23 Apr 2017 16:33:27 PngImagePlugin.py[line:542]DEBUG 'cHRM' 14857 32 (unknown)
23 Apr 2017 16:33:27 PngImagePlugin.py[line:135]DEBUG STREAM 'IDAT' 14901 985049
23 Apr 2017 16:33:39 gemail2.py[line:75]INFO 邮件发送成功付华:908166443@qq.com

23 Apr 2017 16:33:45 PngImagePlugin.py[line:135]DEBUG STREAM 'IHDR' 16 13
23 Apr 2017 16:33:45 PngImagePlugin.py[line:135]DEBUG STREAM 'pHYs' 41 9
23 Apr 2017 16:33:45 PngImagePlugin.py[line:135]DEBUG STREAM 'iTXt' 62 14783
23 Apr 2017 16:33:45 PngImagePlugin.py[line:135]DEBUG STREAM 'cHRM' 14857 32
23 Apr 2017 16:33:45 PngImagePlugin.py[line:542]DEBUG 'cHRM' 14857 32 (unknown)
23 Apr 2017 16:33:45 PngImagePlugin.py[line:135]DEBUG STREAM 'IDAT' 14901 985049
23 Apr 2017 16:33:59 gemail2.py[line:75]INFO 邮件发送成功张小瑞:1210390961@qq.com

23 Apr 2017 16:34:04 PngImagePlugin.py[line:135]DEBUG STREAM 'IHDR' 16 13
23 Apr 2017 16:34:04 PngImagePlugin.py[line:135]DEBUG STREAM 'pHYs' 41 9
23 Apr 2017 16:34:04 PngImagePlugin.py[line:135]DEBUG STREAM 'iTXt' 62 14783
23 Apr 2017 16:34:04 PngImagePlugin.py[line:135]DEBUG STREAM 'cHRM' 14857 32
23 Apr 2017 16:34:04 PngImagePlugin.py[line:542]DEBUG 'cHRM' 14857 32 (unknown)
23 Apr 2017 16:34:04 PngImagePlugin.py[line:135]DEBUG STREAM 'IDAT' 14901 985049
23 Apr 2017 16:34:10 gemail2.py[line:75]INFO 邮件发送成功陈京:lilpark@163.com

23 Apr 2017 16:34:16 PngImagePlugin.py[line:135]DEBUG STREAM 'IHDR' 16 13
23 Apr 2017 16:34:16 PngImagePlugin.py[line:135]DEBUG STREAM 'pHYs' 41 9
23 Apr 2017 16:34:16 PngImagePlugin.py[line:135]DEBUG STREAM 'iTXt' 62 14783
23 Apr 2017 16:34:16 PngImagePlugin.py[line:135]DEBUG STREAM 'cHRM' 14857 32
23 Apr 2017 16:34:16 PngImagePlugin.py[line:542]DEBUG 'cHRM' 14857 32 (unknown)
23 Apr 2017 16:34:16 PngImagePlugin.py[line:135]DEBUG STREAM 'IDAT' 14901 985049
23 Apr 2017 16:34:30 gemail2.py[line:75]INFO 邮件发送成功张:819282181@qq.com

23 Apr 2017 16:34:35 PngImagePlugin.py[line:135]DEBUG STREAM 'IHDR' 16 13
23 Apr 2017 16:34:35 PngImagePlugin.py[line:135]DEBUG STREAM 'pHYs' 41 9
23 Apr 2017 16:34:35 PngImagePlugin.py[line:135]DEBUG STREAM 'iTXt' 62 14783
23 Apr 2017 16:34:35 PngImagePlugin.py[line:135]DEBUG STREAM 'cHRM' 14857 32
23 Apr 2017 16:34:35 PngImagePlugin.py[line:542]DEBUG 'cHRM' 14857 32 (unknown)
23 Apr 2017 16:34:35 PngImagePlugin.py[line:135]DEBUG STREAM 'IDAT' 14901 985049
23 Apr 2017 16:34:44 gemail2.py[line:75]INFO 邮件发送成功徐小倩:xuxq@hundsun.com

23 Apr 2017 16:34:50 PngImagePlugin.py[line:135]DEBUG STREAM 'IHDR' 16 13
23 Apr 2017 16:34:50 PngImagePlugin.py[line:135]DEBUG STREAM 'pHYs' 41 9
23 Apr 2017 16:34:50 PngImagePlugin.py[line:135]DEBUG STREAM 'iTXt' 62 14783
23 Apr 2017 16:34:50 PngImagePlugin.py[line:135]DEBUG STREAM 'cHRM' 14857 32
23 Apr 2017 16:34:50 PngImagePlugin.py[line:542]DEBUG 'cHRM' 14857 32 (unknown)
23 Apr 2017 16:34:50 PngImagePlugin.py[line:135]DEBUG STREAM 'IDAT' 14901 985049
23 Apr 2017 16:34:59 gemail2.py[line:75]INFO 邮件发送成功戚玲燕:qily@hundsun.com

23 Apr 2017 16:35:05 PngImagePlugin.py[line:135]DEBUG STREAM 'IHDR' 16 13
23 Apr 2017 16:35:05 PngImagePlugin.py[line:135]DEBUG STREAM 'pHYs' 41 9
23 Apr 2017 16:35:05 PngImagePlugin.py[line:135]DEBUG STREAM 'iTXt' 62 14783
23 Apr 2017 16:35:05 PngImagePlugin.py[line:135]DEBUG STREAM 'cHRM' 14857 32
23 Apr 2017 16:35:05 PngImagePlugin.py[line:542]DEBUG 'cHRM' 14857 32 (unknown)
23 Apr 2017 16:35:05 PngImagePlugin.py[line:135]DEBUG STREAM 'IDAT' 14901 985049
23 Apr 2017 16:35:20 gemail2.py[line:75]INFO 邮件发送成功李彦辉:271013361@qq.com

23 Apr 2017 16:35:26 PngImagePlugin.py[line:135]DEBUG STREAM 'IHDR' 16 13
23 Apr 2017 16:35:26 PngImagePlugin.py[line:135]DEBUG STREAM 'pHYs' 41 9
23 Apr 2017 16:35:26 PngImagePlugin.py[line:135]DEBUG STREAM 'iTXt' 62 14783
23 Apr 2017 16:35:26 PngImagePlugin.py[line:135]DEBUG STREAM 'cHRM' 14857 32
23 Apr 2017 16:35:26 PngImagePlugin.py[line:542]DEBUG 'cHRM' 14857 32 (unknown)
23 Apr 2017 16:35:26 PngImagePlugin.py[line:135]DEBUG STREAM 'IDAT' 14901 985049
23 Apr 2017 16:35:36 gemail2.py[line:75]INFO 邮件发送成功李璐:258956163@qq.com

23 Apr 2017 16:35:41 PngImagePlugin.py[line:135]DEBUG STREAM 'IHDR' 16 13
23 Apr 2017 16:35:41 PngImagePlugin.py[line:135]DEBUG STREAM 'pHYs' 41 9
23 Apr 2017 16:35:41 PngImagePlugin.py[line:135]DEBUG STREAM 'iTXt' 62 14783
23 Apr 2017 16:35:41 PngImagePlugin.py[line:135]DEBUG STREAM 'cHRM' 14857 32
23 Apr 2017 16:35:41 PngImagePlugin.py[line:542]DEBUG 'cHRM' 14857 32 (unknown)
23 Apr 2017 16:35:41 PngImagePlugin.py[line:135]DEBUG STREAM 'IDAT' 14901 985049
23 Apr 2017 16:35:52 gemail2.py[line:75]INFO 邮件发送成功杨杰:704459008@qq.com

23 Apr 2017 16:35:58 PngImagePlugin.py[line:135]DEBUG STREAM 'IHDR' 16 13
23 Apr 2017 16:35:58 PngImagePlugin.py[line:135]DEBUG STREAM 'pHYs' 41 9
23 Apr 2017 16:35:58 PngImagePlugin.py[line:135]DEBUG STREAM 'iTXt' 62 14783
23 Apr 2017 16:35:58 PngImagePlugin.py[line:135]DEBUG STREAM 'cHRM' 14857 32
23 Apr 2017 16:35:58 PngImagePlugin.py[line:542]DEBUG 'cHRM' 14857 32 (unknown)
23 Apr 2017 16:35:58 PngImagePlugin.py[line:135]DEBUG STREAM 'IDAT' 14901 985049
23 Apr 2017 16:36:07 gemail2.py[line:75]INFO 邮件发送成功杨慧莉:freeyours@163.com

23 Apr 2017 16:36:12 PngImagePlugin.py[line:135]DEBUG STREAM 'IHDR' 16 13
23 Apr 2017 16:36:12 PngImagePlugin.py[line:135]DEBUG STREAM 'pHYs' 41 9
23 Apr 2017 16:36:12 PngImagePlugin.py[line:135]DEBUG STREAM 'iTXt' 62 14783
23 Apr 2017 16:36:12 PngImagePlugin.py[line:135]DEBUG STREAM 'cHRM' 14857 32
23 Apr 2017 16:36:12 PngImagePlugin.py[line:542]DEBUG 'cHRM' 14857 32 (unknown)
23 Apr 2017 16:36:12 PngImagePlugin.py[line:135]DEBUG STREAM 'IDAT' 14901 985049
23 Apr 2017 16:36:31 gemail2.py[line:75]INFO 邮件发送成功李珺瑶:shangshanbai@qq.com

23 Apr 2017 16:36:36 PngImagePlugin.py[line:135]DEBUG STREAM 'IHDR' 16 13
23 Apr 2017 16:36:36 PngImagePlugin.py[line:135]DEBUG STREAM 'pHYs' 41 9
23 Apr 2017 16:36:36 PngImagePlugin.py[line:135]DEBUG STREAM 'iTXt' 62 14783
23 Apr 2017 16:36:36 PngImagePlugin.py[line:135]DEBUG STREAM 'cHRM' 14857 32
23 Apr 2017 16:36:36 PngImagePlugin.py[line:542]DEBUG 'cHRM' 14857 32 (unknown)
23 Apr 2017 16:36:36 PngImagePlugin.py[line:135]DEBUG STREAM 'IDAT' 14901 985049
23 Apr 2017 16:36:49 gemail2.py[line:75]INFO 邮件发送成功徐瑶:shangshanbai@qq.com

23 Apr 2017 16:36:55 PngImagePlugin.py[line:135]DEBUG STREAM 'IHDR' 16 13
23 Apr 2017 16:36:55 PngImagePlugin.py[line:135]DEBUG STREAM 'pHYs' 41 9
23 Apr 2017 16:36:55 PngImagePlugin.py[line:135]DEBUG STREAM 'iTXt' 62 14783
23 Apr 2017 16:36:55 PngImagePlugin.py[line:135]DEBUG STREAM 'cHRM' 14857 32
23 Apr 2017 16:36:55 PngImagePlugin.py[line:542]DEBUG 'cHRM' 14857 32 (unknown)
23 Apr 2017 16:36:55 PngImagePlugin.py[line:135]DEBUG STREAM 'IDAT' 14901 985049
23 Apr 2017 16:37:07 gemail2.py[line:75]INFO 邮件发送成功翟瑛洁:shangshanbai@qq.com

23 Apr 2017 16:37:13 PngImagePlugin.py[line:135]DEBUG STREAM 'IHDR' 16 13
23 Apr 2017 16:37:13 PngImagePlugin.py[line:135]DEBUG STREAM 'pHYs' 41 9
23 Apr 2017 16:37:13 PngImagePlugin.py[line:135]DEBUG STREAM 'iTXt' 62 14783
23 Apr 2017 16:37:13 PngImagePlugin.py[line:135]DEBUG STREAM 'cHRM' 14857 32
23 Apr 2017 16:37:13 PngImagePlugin.py[line:542]DEBUG 'cHRM' 14857 32 (unknown)
23 Apr 2017 16:37:13 PngImagePlugin.py[line:135]DEBUG STREAM 'IDAT' 14901 985049
23 Apr 2017 16:37:28 gemail2.py[line:75]INFO 邮件发送成功郑慧芬:shangshanbai@qq.com

23 Apr 2017 16:37:34 PngImagePlugin.py[line:135]DEBUG STREAM 'IHDR' 16 13
23 Apr 2017 16:37:34 PngImagePlugin.py[line:135]DEBUG STREAM 'pHYs' 41 9
23 Apr 2017 16:37:34 PngImagePlugin.py[line:135]DEBUG STREAM 'iTXt' 62 14783
23 Apr 2017 16:37:34 PngImagePlugin.py[line:135]DEBUG STREAM 'cHRM' 14857 32
23 Apr 2017 16:37:34 PngImagePlugin.py[line:542]DEBUG 'cHRM' 14857 32 (unknown)
23 Apr 2017 16:37:34 PngImagePlugin.py[line:135]DEBUG STREAM 'IDAT' 14901 985049
23 Apr 2017 16:37:40 gemail2.py[line:75]INFO 邮件发送成功圆周:15215412034@163.com

23 Apr 2017 16:51:34 PngImagePlugin.py[line:135]DEBUG STREAM 'IHDR' 16 13
23 Apr 2017 16:51:34 PngImagePlugin.py[line:135]DEBUG STREAM 'pHYs' 41 9
23 Apr 2017 16:51:34 PngImagePlugin.py[line:135]DEBUG STREAM 'iTXt' 62 14783
23 Apr 2017 16:51:34 PngImagePlugin.py[line:135]DEBUG STREAM 'cHRM' 14857 32
23 Apr 2017 16:51:34 PngImagePlugin.py[line:542]DEBUG 'cHRM' 14857 32 (unknown)
23 Apr 2017 16:51:34 PngImagePlugin.py[line:135]DEBUG STREAM 'IDAT' 14901 985602


新媒体编辑特训营（北京）第四期
23 Apr 2017 17:08:07 PngImagePlugin.py[line:135]DEBUG STREAM 'IHDR' 16 13
23 Apr 2017 17:08:07 PngImagePlugin.py[line:135]DEBUG STREAM 'pHYs' 41 9
23 Apr 2017 17:08:07 PngImagePlugin.py[line:135]DEBUG STREAM 'iTXt' 62 14783
23 Apr 2017 17:08:07 PngImagePlugin.py[line:135]DEBUG STREAM 'cHRM' 14857 32
23 Apr 2017 17:08:07 PngImagePlugin.py[line:542]DEBUG 'cHRM' 14857 32 (unknown)
23 Apr 2017 17:08:07 PngImagePlugin.py[line:135]DEBUG STREAM 'IDAT' 14901 985602
23 Apr 2017 17:08:33 PngImagePlugin.py[line:135]DEBUG STREAM 'IHDR' 16 13
23 Apr 2017 17:08:33 PngImagePlugin.py[line:135]DEBUG STREAM 'pHYs' 41 9
23 Apr 2017 17:08:33 PngImagePlugin.py[line:135]DEBUG STREAM 'iTXt' 62 14783
23 Apr 2017 17:08:33 PngImagePlugin.py[line:135]DEBUG STREAM 'cHRM' 14857 32
23 Apr 2017 17:08:33 PngImagePlugin.py[line:542]DEBUG 'cHRM' 14857 32 (unknown)
23 Apr 2017 17:08:33 PngImagePlugin.py[line:135]DEBUG STREAM 'IDAT' 14901 985602
23 Apr 2017 17:08:44 gemail2.py[line:75]INFO 邮件发送成功赵媛媛:1971429035@qq.com

23 Apr 2017 17:08:51 PngImagePlugin.py[line:135]DEBUG STREAM 'IHDR' 16 13
23 Apr 2017 17:08:51 PngImagePlugin.py[line:135]DEBUG STREAM 'pHYs' 41 9
23 Apr 2017 17:08:51 PngImagePlugin.py[line:135]DEBUG STREAM 'iTXt' 62 14783
23 Apr 2017 17:08:51 PngImagePlugin.py[line:135]DEBUG STREAM 'cHRM' 14857 32
23 Apr 2017 17:08:51 PngImagePlugin.py[line:542]DEBUG 'cHRM' 14857 32 (unknown)
23 Apr 2017 17:08:51 PngImagePlugin.py[line:135]DEBUG STREAM 'IDAT' 14901 985602
23 Apr 2017 17:08:59 gemail2.py[line:75]INFO 邮件发送成功王唯佳:wanglanhai8888@163.com

23 Apr 2017 17:09:05 PngImagePlugin.py[line:135]DEBUG STREAM 'IHDR' 16 13
23 Apr 2017 17:09:05 PngImagePlugin.py[line:135]DEBUG STREAM 'pHYs' 41 9
23 Apr 2017 17:09:05 PngImagePlugin.py[line:135]DEBUG STREAM 'iTXt' 62 14783
23 Apr 2017 17:09:05 PngImagePlugin.py[line:135]DEBUG STREAM 'cHRM' 14857 32
23 Apr 2017 17:09:05 PngImagePlugin.py[line:542]DEBUG 'cHRM' 14857 32 (unknown)
23 Apr 2017 17:09:05 PngImagePlugin.py[line:135]DEBUG STREAM 'IDAT' 14901 985602
23 Apr 2017 17:09:17 gemail2.py[line:75]INFO 邮件发送成功吴秀平:354054151@qq.com

23 Apr 2017 17:09:22 PngImagePlugin.py[line:135]DEBUG STREAM 'IHDR' 16 13
23 Apr 2017 17:09:22 PngImagePlugin.py[line:135]DEBUG STREAM 'pHYs' 41 9
23 Apr 2017 17:09:22 PngImagePlugin.py[line:135]DEBUG STREAM 'iTXt' 62 14783
23 Apr 2017 17:09:22 PngImagePlugin.py[line:135]DEBUG STREAM 'cHRM' 14857 32
23 Apr 2017 17:09:22 PngImagePlugin.py[line:542]DEBUG 'cHRM' 14857 32 (unknown)
23 Apr 2017 17:09:22 PngImagePlugin.py[line:135]DEBUG STREAM 'IDAT' 14901 985602
23 Apr 2017 17:09:33 gemail2.py[line:75]INFO 邮件发送成功张彩鹭:597303343@qq.com

23 Apr 2017 17:09:39 PngImagePlugin.py[line:135]DEBUG STREAM 'IHDR' 16 13
23 Apr 2017 17:09:39 PngImagePlugin.py[line:135]DEBUG STREAM 'pHYs' 41 9
23 Apr 2017 17:09:39 PngImagePlugin.py[line:135]DEBUG STREAM 'iTXt' 62 14783
23 Apr 2017 17:09:39 PngImagePlugin.py[line:135]DEBUG STREAM 'cHRM' 14857 32
23 Apr 2017 17:09:39 PngImagePlugin.py[line:542]DEBUG 'cHRM' 14857 32 (unknown)
23 Apr 2017 17:09:39 PngImagePlugin.py[line:135]DEBUG STREAM 'IDAT' 14901 985602
23 Apr 2017 17:09:54 gemail2.py[line:75]INFO 邮件发送成功王溪园:whymhy@126.com

23 Apr 2017 17:09:59 PngImagePlugin.py[line:135]DEBUG STREAM 'IHDR' 16 13
23 Apr 2017 17:09:59 PngImagePlugin.py[line:135]DEBUG STREAM 'pHYs' 41 9
23 Apr 2017 17:09:59 PngImagePlugin.py[line:135]DEBUG STREAM 'iTXt' 62 14783
23 Apr 2017 17:09:59 PngImagePlugin.py[line:135]DEBUG STREAM 'cHRM' 14857 32
23 Apr 2017 17:09:59 PngImagePlugin.py[line:542]DEBUG 'cHRM' 14857 32 (unknown)
23 Apr 2017 17:09:59 PngImagePlugin.py[line:135]DEBUG STREAM 'IDAT' 14901 985602
23 Apr 2017 17:10:26 gemail2.py[line:75]INFO 邮件发送成功管仲瑶:267326366@qq.com

23 Apr 2017 17:10:31 PngImagePlugin.py[line:135]DEBUG STREAM 'IHDR' 16 13
23 Apr 2017 17:10:31 PngImagePlugin.py[line:135]DEBUG STREAM 'pHYs' 41 9
23 Apr 2017 17:10:31 PngImagePlugin.py[line:135]DEBUG STREAM 'iTXt' 62 14783
23 Apr 2017 17:10:31 PngImagePlugin.py[line:135]DEBUG STREAM 'cHRM' 14857 32
23 Apr 2017 17:10:31 PngImagePlugin.py[line:542]DEBUG 'cHRM' 14857 32 (unknown)
23 Apr 2017 17:10:31 PngImagePlugin.py[line:135]DEBUG STREAM 'IDAT' 14901 985602
23 Apr 2017 17:10:46 gemail2.py[line:75]INFO 邮件发送成功尹丽:elaine@9icfp.com

23 Apr 2017 17:10:52 PngImagePlugin.py[line:135]DEBUG STREAM 'IHDR' 16 13
23 Apr 2017 17:10:52 PngImagePlugin.py[line:135]DEBUG STREAM 'pHYs' 41 9
23 Apr 2017 17:10:52 PngImagePlugin.py[line:135]DEBUG STREAM 'iTXt' 62 14783
23 Apr 2017 17:10:52 PngImagePlugin.py[line:135]DEBUG STREAM 'cHRM' 14857 32
23 Apr 2017 17:10:52 PngImagePlugin.py[line:542]DEBUG 'cHRM' 14857 32 (unknown)
23 Apr 2017 17:10:52 PngImagePlugin.py[line:135]DEBUG STREAM 'IDAT' 14901 985602
23 Apr 2017 17:11:20 gemail2.py[line:75]INFO 邮件发送成功周旋:451014864@qq.com

23 Apr 2017 17:11:25 PngImagePlugin.py[line:135]DEBUG STREAM 'IHDR' 16 13
23 Apr 2017 17:11:25 PngImagePlugin.py[line:135]DEBUG STREAM 'pHYs' 41 9
23 Apr 2017 17:11:25 PngImagePlugin.py[line:135]DEBUG STREAM 'iTXt' 62 14783
23 Apr 2017 17:11:25 PngImagePlugin.py[line:135]DEBUG STREAM 'cHRM' 14857 32
23 Apr 2017 17:11:25 PngImagePlugin.py[line:542]DEBUG 'cHRM' 14857 32 (unknown)
23 Apr 2017 17:11:25 PngImagePlugin.py[line:135]DEBUG STREAM 'IDAT' 14901 985602
23 Apr 2017 17:11:45 gemail2.py[line:75]INFO 邮件发送成功王婉珍:wangwanzhen@zhisland.con

23 Apr 2017 17:11:52 PngImagePlugin.py[line:135]DEBUG STREAM 'IHDR' 16 13
23 Apr 2017 17:11:52 PngImagePlugin.py[line:135]DEBUG STREAM 'pHYs' 41 9
23 Apr 2017 17:11:52 PngImagePlugin.py[line:135]DEBUG STREAM 'iTXt' 62 14783
23 Apr 2017 17:11:52 PngImagePlugin.py[line:135]DEBUG STREAM 'cHRM' 14857 32
23 Apr 2017 17:11:52 PngImagePlugin.py[line:542]DEBUG 'cHRM' 14857 32 (unknown)
23 Apr 2017 17:11:52 PngImagePlugin.py[line:135]DEBUG STREAM 'IDAT' 14901 985602
23 Apr 2017 17:12:21 gemail2.py[line:75]INFO 邮件发送成功文雯:24871487@qq.com

23 Apr 2017 17:12:26 PngImagePlugin.py[line:135]DEBUG STREAM 'IHDR' 16 13
23 Apr 2017 17:12:26 PngImagePlugin.py[line:135]DEBUG STREAM 'pHYs' 41 9
23 Apr 2017 17:12:26 PngImagePlugin.py[line:135]DEBUG STREAM 'iTXt' 62 14783
23 Apr 2017 17:12:26 PngImagePlugin.py[line:135]DEBUG STREAM 'cHRM' 14857 32
23 Apr 2017 17:12:26 PngImagePlugin.py[line:542]DEBUG 'cHRM' 14857 32 (unknown)
23 Apr 2017 17:12:26 PngImagePlugin.py[line:135]DEBUG STREAM 'IDAT' 14901 985602
23 Apr 2017 17:12:55 gemail2.py[line:75]INFO 邮件发送成功张贵:49068488@qq.com

23 Apr 2017 17:13:00 PngImagePlugin.py[line:135]DEBUG STREAM 'IHDR' 16 13
23 Apr 2017 17:13:00 PngImagePlugin.py[line:135]DEBUG STREAM 'pHYs' 41 9
23 Apr 2017 17:13:00 PngImagePlugin.py[line:135]DEBUG STREAM 'iTXt' 62 14783
23 Apr 2017 17:13:00 PngImagePlugin.py[line:135]DEBUG STREAM 'cHRM' 14857 32
23 Apr 2017 17:13:00 PngImagePlugin.py[line:542]DEBUG 'cHRM' 14857 32 (unknown)
23 Apr 2017 17:13:00 PngImagePlugin.py[line:135]DEBUG STREAM 'IDAT' 14901 985602
23 Apr 2017 17:13:31 gemail2.py[line:75]INFO 邮件发送成功鲁雅:ya.lu@ruigongye.com

23 Apr 2017 17:13:36 PngImagePlugin.py[line:135]DEBUG STREAM 'IHDR' 16 13
23 Apr 2017 17:13:36 PngImagePlugin.py[line:135]DEBUG STREAM 'pHYs' 41 9
23 Apr 2017 17:13:36 PngImagePlugin.py[line:135]DEBUG STREAM 'iTXt' 62 14783
23 Apr 2017 17:13:36 PngImagePlugin.py[line:135]DEBUG STREAM 'cHRM' 14857 32
23 Apr 2017 17:13:36 PngImagePlugin.py[line:542]DEBUG 'cHRM' 14857 32 (unknown)
23 Apr 2017 17:13:36 PngImagePlugin.py[line:135]DEBUG STREAM 'IDAT' 14901 985602
23 Apr 2017 17:13:59 gemail2.py[line:75]INFO 邮件发送成功刘雪樱:xueying.liu@ruigongye.com

23 Apr 2017 17:14:05 PngImagePlugin.py[line:135]DEBUG STREAM 'IHDR' 16 13
23 Apr 2017 17:14:05 PngImagePlugin.py[line:135]DEBUG STREAM 'pHYs' 41 9
23 Apr 2017 17:14:05 PngImagePlugin.py[line:135]DEBUG STREAM 'iTXt' 62 14783
23 Apr 2017 17:14:05 PngImagePlugin.py[line:135]DEBUG STREAM 'cHRM' 14857 32
23 Apr 2017 17:14:05 PngImagePlugin.py[line:542]DEBUG 'cHRM' 14857 32 (unknown)
23 Apr 2017 17:14:05 PngImagePlugin.py[line:135]DEBUG STREAM 'IDAT' 14901 985602
23 Apr 2017 17:14:20 gemail2.py[line:75]INFO 邮件发送成功武雅雯:yawen.wu@ruigongye.com

23 Apr 2017 17:14:25 PngImagePlugin.py[line:135]DEBUG STREAM 'IHDR' 16 13
23 Apr 2017 17:14:25 PngImagePlugin.py[line:135]DEBUG STREAM 'pHYs' 41 9
23 Apr 2017 17:14:25 PngImagePlugin.py[line:135]DEBUG STREAM 'iTXt' 62 14783
23 Apr 2017 17:14:25 PngImagePlugin.py[line:135]DEBUG STREAM 'cHRM' 14857 32
23 Apr 2017 17:14:25 PngImagePlugin.py[line:542]DEBUG 'cHRM' 14857 32 (unknown)
23 Apr 2017 17:14:25 PngImagePlugin.py[line:135]DEBUG STREAM 'IDAT' 14901 985602
23 Apr 2017 17:14:40 gemail2.py[line:75]INFO 邮件发送成功王凤丹:fengdan.wang@ruigongye.com

23 Apr 2017 17:14:45 PngImagePlugin.py[line:135]DEBUG STREAM 'IHDR' 16 13
23 Apr 2017 17:14:45 PngImagePlugin.py[line:135]DEBUG STREAM 'pHYs' 41 9
23 Apr 2017 17:14:45 PngImagePlugin.py[line:135]DEBUG STREAM 'iTXt' 62 14783
23 Apr 2017 17:14:45 PngImagePlugin.py[line:135]DEBUG STREAM 'cHRM' 14857 32
23 Apr 2017 17:14:45 PngImagePlugin.py[line:542]DEBUG 'cHRM' 14857 32 (unknown)
23 Apr 2017 17:14:45 PngImagePlugin.py[line:135]DEBUG STREAM 'IDAT' 14901 985602
23 Apr 2017 17:15:14 gemail2.py[line:75]INFO 邮件发送成功邢建东:906788491@qq.com

23 Apr 2017 17:15:21 PngImagePlugin.py[line:135]DEBUG STREAM 'IHDR' 16 13
23 Apr 2017 17:15:21 PngImagePlugin.py[line:135]DEBUG STREAM 'pHYs' 41 9
23 Apr 2017 17:15:21 PngImagePlugin.py[line:135]DEBUG STREAM 'iTXt' 62 14783
23 Apr 2017 17:15:21 PngImagePlugin.py[line:135]DEBUG STREAM 'cHRM' 14857 32
23 Apr 2017 17:15:21 PngImagePlugin.py[line:542]DEBUG 'cHRM' 14857 32 (unknown)
23 Apr 2017 17:15:21 PngImagePlugin.py[line:135]DEBUG STREAM 'IDAT' 14901 985602
23 Apr 2017 17:15:35 gemail2.py[line:75]INFO 邮件发送成功李丰志:ls398@vip.qq.com

23 Apr 2017 17:15:41 PngImagePlugin.py[line:135]DEBUG STREAM 'IHDR' 16 13
23 Apr 2017 17:15:41 PngImagePlugin.py[line:135]DEBUG STREAM 'pHYs' 41 9
23 Apr 2017 17:15:41 PngImagePlugin.py[line:135]DEBUG STREAM 'iTXt' 62 14783
23 Apr 2017 17:15:41 PngImagePlugin.py[line:135]DEBUG STREAM 'cHRM' 14857 32
23 Apr 2017 17:15:41 PngImagePlugin.py[line:542]DEBUG 'cHRM' 14857 32 (unknown)
23 Apr 2017 17:15:41 PngImagePlugin.py[line:135]DEBUG STREAM 'IDAT' 14901 985602
23 Apr 2017 17:15:56 gemail2.py[line:75]INFO 邮件发送成功张红:zhanghong@zhisland.com

23 Apr 2017 17:16:01 PngImagePlugin.py[line:135]DEBUG STREAM 'IHDR' 16 13
23 Apr 2017 17:16:01 PngImagePlugin.py[line:135]DEBUG STREAM 'pHYs' 41 9
23 Apr 2017 17:16:01 PngImagePlugin.py[line:135]DEBUG STREAM 'iTXt' 62 14783
23 Apr 2017 17:16:01 PngImagePlugin.py[line:135]DEBUG STREAM 'cHRM' 14857 32
23 Apr 2017 17:16:01 PngImagePlugin.py[line:542]DEBUG 'cHRM' 14857 32 (unknown)
23 Apr 2017 17:16:01 PngImagePlugin.py[line:135]DEBUG STREAM 'IDAT' 14901 985602
23 Apr 2017 17:16:17 gemail2.py[line:75]INFO 邮件发送成功戚晨:qichen1986@163.com

23 Apr 2017 17:16:22 PngImagePlugin.py[line:135]DEBUG STREAM 'IHDR' 16 13
23 Apr 2017 17:16:22 PngImagePlugin.py[line:135]DEBUG STREAM 'pHYs' 41 9
23 Apr 2017 17:16:22 PngImagePlugin.py[line:135]DEBUG STREAM 'iTXt' 62 14783
23 Apr 2017 17:16:22 PngImagePlugin.py[line:135]DEBUG STREAM 'cHRM' 14857 32
23 Apr 2017 17:16:22 PngImagePlugin.py[line:542]DEBUG 'cHRM' 14857 32 (unknown)
23 Apr 2017 17:16:22 PngImagePlugin.py[line:135]DEBUG STREAM 'IDAT' 14901 985602
23 Apr 2017 17:16:49 gemail2.py[line:75]INFO 邮件发送成功王丛悦:411756885@qq.com

23 Apr 2017 17:16:54 PngImagePlugin.py[line:135]DEBUG STREAM 'IHDR' 16 13
23 Apr 2017 17:16:54 PngImagePlugin.py[line:135]DEBUG STREAM 'pHYs' 41 9
23 Apr 2017 17:16:54 PngImagePlugin.py[line:135]DEBUG STREAM 'iTXt' 62 14783
23 Apr 2017 17:16:54 PngImagePlugin.py[line:135]DEBUG STREAM 'cHRM' 14857 32
23 Apr 2017 17:16:54 PngImagePlugin.py[line:542]DEBUG 'cHRM' 14857 32 (unknown)
23 Apr 2017 17:16:54 PngImagePlugin.py[line:135]DEBUG STREAM 'IDAT' 14901 985602
23 Apr 2017 17:17:22 gemail2.py[line:75]INFO 邮件发送成功柳晶晶:465656714@qq.com

23 Apr 2017 17:17:28 PngImagePlugin.py[line:135]DEBUG STREAM 'IHDR' 16 13
23 Apr 2017 17:17:28 PngImagePlugin.py[line:135]DEBUG STREAM 'pHYs' 41 9
23 Apr 2017 17:17:28 PngImagePlugin.py[line:135]DEBUG STREAM 'iTXt' 62 14783
23 Apr 2017 17:17:28 PngImagePlugin.py[line:135]DEBUG STREAM 'cHRM' 14857 32
23 Apr 2017 17:17:28 PngImagePlugin.py[line:542]DEBUG 'cHRM' 14857 32 (unknown)
23 Apr 2017 17:17:28 PngImagePlugin.py[line:135]DEBUG STREAM 'IDAT' 14901 985602
23 Apr 2017 17:17:56 gemail2.py[line:75]INFO 邮件发送成功马洁: 43747282@qq.com

23 Apr 2017 17:18:01 PngImagePlugin.py[line:135]DEBUG STREAM 'IHDR' 16 13
23 Apr 2017 17:18:01 PngImagePlugin.py[line:135]DEBUG STREAM 'pHYs' 41 9
23 Apr 2017 17:18:01 PngImagePlugin.py[line:135]DEBUG STREAM 'iTXt' 62 14783
23 Apr 2017 17:18:01 PngImagePlugin.py[line:135]DEBUG STREAM 'cHRM' 14857 32
23 Apr 2017 17:18:01 PngImagePlugin.py[line:542]DEBUG 'cHRM' 14857 32 (unknown)
23 Apr 2017 17:18:01 PngImagePlugin.py[line:135]DEBUG STREAM 'IDAT' 14901 985602
23 Apr 2017 17:18:17 gemail2.py[line:75]INFO 邮件发送成功王梅岭:wangmlsky@126.com

23 Apr 2017 17:18:22 PngImagePlugin.py[line:135]DEBUG STREAM 'IHDR' 16 13
23 Apr 2017 17:18:22 PngImagePlugin.py[line:135]DEBUG STREAM 'pHYs' 41 9
23 Apr 2017 17:18:22 PngImagePlugin.py[line:135]DEBUG STREAM 'iTXt' 62 14783
23 Apr 2017 17:18:22 PngImagePlugin.py[line:135]DEBUG STREAM 'cHRM' 14857 32
23 Apr 2017 17:18:22 PngImagePlugin.py[line:542]DEBUG 'cHRM' 14857 32 (unknown)
23 Apr 2017 17:18:22 PngImagePlugin.py[line:135]DEBUG STREAM 'IDAT' 14901 985602
23 Apr 2017 17:18:38 gemail2.py[line:75]INFO 邮件发送成功陈超逸:chaoyi.chen@salonwith.com

23 Apr 2017 17:18:43 PngImagePlugin.py[line:135]DEBUG STREAM 'IHDR' 16 13
23 Apr 2017 17:18:43 PngImagePlugin.py[line:135]DEBUG STREAM 'pHYs' 41 9
23 Apr 2017 17:18:43 PngImagePlugin.py[line:135]DEBUG STREAM 'iTXt' 62 14783
23 Apr 2017 17:18:43 PngImagePlugin.py[line:135]DEBUG STREAM 'cHRM' 14857 32
23 Apr 2017 17:18:43 PngImagePlugin.py[line:542]DEBUG 'cHRM' 14857 32 (unknown)
23 Apr 2017 17:18:43 PngImagePlugin.py[line:135]DEBUG STREAM 'IDAT' 14901 985602
23 Apr 2017 17:19:10 gemail2.py[line:75]INFO 邮件发送成功黎莉:133160730@qq.com

23 Apr 2017 17:19:15 PngImagePlugin.py[line:135]DEBUG STREAM 'IHDR' 16 13
23 Apr 2017 17:19:15 PngImagePlugin.py[line:135]DEBUG STREAM 'pHYs' 41 9
23 Apr 2017 17:19:15 PngImagePlugin.py[line:135]DEBUG STREAM 'iTXt' 62 14783
23 Apr 2017 17:19:15 PngImagePlugin.py[line:135]DEBUG STREAM 'cHRM' 14857 32
23 Apr 2017 17:19:15 PngImagePlugin.py[line:542]DEBUG 'cHRM' 14857 32 (unknown)
23 Apr 2017 17:19:15 PngImagePlugin.py[line:135]DEBUG STREAM 'IDAT' 14901 985602
23 Apr 2017 17:19:29 gemail2.py[line:75]INFO 邮件发送成功李嘉:ricardo.1125@163.com

23 Apr 2017 17:19:35 PngImagePlugin.py[line:135]DEBUG STREAM 'IHDR' 16 13
23 Apr 2017 17:19:35 PngImagePlugin.py[line:135]DEBUG STREAM 'pHYs' 41 9
23 Apr 2017 17:19:35 PngImagePlugin.py[line:135]DEBUG STREAM 'iTXt' 62 14783
23 Apr 2017 17:19:35 PngImagePlugin.py[line:135]DEBUG STREAM 'cHRM' 14857 32
23 Apr 2017 17:19:35 PngImagePlugin.py[line:542]DEBUG 'cHRM' 14857 32 (unknown)
23 Apr 2017 17:19:35 PngImagePlugin.py[line:135]DEBUG STREAM 'IDAT' 14901 985602
23 Apr 2017 17:19:49 gemail2.py[line:75]INFO 邮件发送成功刘洋:yang3.liu@sgmw.com.cn

23 Apr 2017 17:19:55 PngImagePlugin.py[line:135]DEBUG STREAM 'IHDR' 16 13
23 Apr 2017 17:19:55 PngImagePlugin.py[line:135]DEBUG STREAM 'pHYs' 41 9
23 Apr 2017 17:19:55 PngImagePlugin.py[line:135]DEBUG STREAM 'iTXt' 62 14783
23 Apr 2017 17:19:55 PngImagePlugin.py[line:135]DEBUG STREAM 'cHRM' 14857 32
23 Apr 2017 17:19:55 PngImagePlugin.py[line:542]DEBUG 'cHRM' 14857 32 (unknown)
23 Apr 2017 17:19:55 PngImagePlugin.py[line:135]DEBUG STREAM 'IDAT' 14901 985602
23 Apr 2017 17:20:09 gemail2.py[line:75]INFO 邮件发送成功罗勇:yong5.luo@sgmw.com.cn


23 Apr 2017 17:20:15 PngImagePlugin.py[line:135]DEBUG STREAM 'IHDR' 16 13
23 Apr 2017 17:20:15 PngImagePlugin.py[line:135]DEBUG STREAM 'pHYs' 41 9
23 Apr 2017 17:20:15 PngImagePlugin.py[line:135]DEBUG STREAM 'iTXt' 62 14783
23 Apr 2017 17:20:15 PngImagePlugin.py[line:135]DEBUG STREAM 'cHRM' 14857 32
23 Apr 2017 17:20:15 PngImagePlugin.py[line:542]DEBUG 'cHRM' 14857 32 (unknown)
23 Apr 2017 17:20:15 PngImagePlugin.py[line:135]DEBUG STREAM 'IDAT' 14901 985602
23 Apr 2017 17:20:30 gemail2.py[line:75]INFO 邮件发送成功马天翔:TianxiangMa@sgmw.com.cn


23 Apr 2017 17:20:35 PngImagePlugin.py[line:135]DEBUG STREAM 'IHDR' 16 13
23 Apr 2017 17:20:35 PngImagePlugin.py[line:135]DEBUG STREAM 'pHYs' 41 9
23 Apr 2017 17:20:35 PngImagePlugin.py[line:135]DEBUG STREAM 'iTXt' 62 14783
23 Apr 2017 17:20:35 PngImagePlugin.py[line:135]DEBUG STREAM 'cHRM' 14857 32
23 Apr 2017 17:20:35 PngImagePlugin.py[line:542]DEBUG 'cHRM' 14857 32 (unknown)
23 Apr 2017 17:20:35 PngImagePlugin.py[line:135]DEBUG STREAM 'IDAT' 14901 985602
23 Apr 2017 17:21:06 gemail2.py[line:75]INFO 邮件发送成功冯丹:1064991588@qq.com

23 Apr 2017 17:21:12 PngImagePlugin.py[line:135]DEBUG STREAM 'IHDR' 16 13
23 Apr 2017 17:21:12 PngImagePlugin.py[line:135]DEBUG STREAM 'pHYs' 41 9
23 Apr 2017 17:21:12 PngImagePlugin.py[line:135]DEBUG STREAM 'iTXt' 62 14783
23 Apr 2017 17:21:12 PngImagePlugin.py[line:135]DEBUG STREAM 'cHRM' 14857 32
23 Apr 2017 17:21:12 PngImagePlugin.py[line:542]DEBUG 'cHRM' 14857 32 (unknown)
23 Apr 2017 17:21:12 PngImagePlugin.py[line:135]DEBUG STREAM 'IDAT' 14901 985602
23 Apr 2017 17:22:04 gemail2.py[line:75]INFO 邮件发送成功彭盛:68049629@qq.com

23 Apr 2017 17:22:11 PngImagePlugin.py[line:135]DEBUG STREAM 'IHDR' 16 13
23 Apr 2017 17:22:11 PngImagePlugin.py[line:135]DEBUG STREAM 'pHYs' 41 9
23 Apr 2017 17:22:11 PngImagePlugin.py[line:135]DEBUG STREAM 'iTXt' 62 14783
23 Apr 2017 17:22:11 PngImagePlugin.py[line:135]DEBUG STREAM 'cHRM' 14857 32
23 Apr 2017 17:22:11 PngImagePlugin.py[line:542]DEBUG 'cHRM' 14857 32 (unknown)
23 Apr 2017 17:22:11 PngImagePlugin.py[line:135]DEBUG STREAM 'IDAT' 14901 985602
23 Apr 2017 17:22:40 gemail2.py[line:75]INFO 邮件发送成功安佳:2062264769@qq.com

23 Apr 2017 17:22:46 PngImagePlugin.py[line:135]DEBUG STREAM 'IHDR' 16 13
23 Apr 2017 17:22:46 PngImagePlugin.py[line:135]DEBUG STREAM 'pHYs' 41 9
23 Apr 2017 17:22:46 PngImagePlugin.py[line:135]DEBUG STREAM 'iTXt' 62 14783
23 Apr 2017 17:22:46 PngImagePlugin.py[line:135]DEBUG STREAM 'cHRM' 14857 32
23 Apr 2017 17:22:46 PngImagePlugin.py[line:542]DEBUG 'cHRM' 14857 32 (unknown)
23 Apr 2017 17:22:46 PngImagePlugin.py[line:135]DEBUG STREAM 'IDAT' 14901 985602
23 Apr 2017 17:23:23 gemail2.py[line:75]INFO 邮件发送成功王沛:17253401@qq.com

23 Apr 2017 17:23:29 PngImagePlugin.py[line:135]DEBUG STREAM 'IHDR' 16 13
23 Apr 2017 17:23:29 PngImagePlugin.py[line:135]DEBUG STREAM 'pHYs' 41 9
23 Apr 2017 17:23:29 PngImagePlugin.py[line:135]DEBUG STREAM 'iTXt' 62 14783
23 Apr 2017 17:23:29 PngImagePlugin.py[line:135]DEBUG STREAM 'cHRM' 14857 32
23 Apr 2017 17:23:29 PngImagePlugin.py[line:542]DEBUG 'cHRM' 14857 32 (unknown)
23 Apr 2017 17:23:29 PngImagePlugin.py[line:135]DEBUG STREAM 'IDAT' 14901 985602
23 Apr 2017 17:23:44 gemail2.py[line:75]INFO 邮件发送成功薛皓昳:16541886@qq.com

23 Apr 2017 17:23:49 PngImagePlugin.py[line:135]DEBUG STREAM 'IHDR' 16 13
23 Apr 2017 17:23:49 PngImagePlugin.py[line:135]DEBUG STREAM 'pHYs' 41 9
23 Apr 2017 17:23:49 PngImagePlugin.py[line:135]DEBUG STREAM 'iTXt' 62 14783
23 Apr 2017 17:23:49 PngImagePlugin.py[line:135]DEBUG STREAM 'cHRM' 14857 32
23 Apr 2017 17:23:49 PngImagePlugin.py[line:542]DEBUG 'cHRM' 14857 32 (unknown)
23 Apr 2017 17:23:49 PngImagePlugin.py[line:135]DEBUG STREAM 'IDAT' 14901 985602
23 Apr 2017 17:24:00 gemail2.py[line:75]INFO 邮件发送成功肖红:xh018018@163.com

23 Apr 2017 17:24:06 PngImagePlugin.py[line:135]DEBUG STREAM 'IHDR' 16 13
23 Apr 2017 17:24:06 PngImagePlugin.py[line:135]DEBUG STREAM 'pHYs' 41 9
23 Apr 2017 17:24:06 PngImagePlugin.py[line:135]DEBUG STREAM 'iTXt' 62 14783
23 Apr 2017 17:24:06 PngImagePlugin.py[line:135]DEBUG STREAM 'cHRM' 14857 32
23 Apr 2017 17:24:06 PngImagePlugin.py[line:542]DEBUG 'cHRM' 14857 32 (unknown)
23 Apr 2017 17:24:06 PngImagePlugin.py[line:135]DEBUG STREAM 'IDAT' 14901 985602
23 Apr 2017 17:24:23 gemail2.py[line:75]INFO 邮件发送成功刘琳玉:317006042@qq.com

23 Apr 2017 17:24:29 PngImagePlugin.py[line:135]DEBUG STREAM 'IHDR' 16 13
23 Apr 2017 17:24:29 PngImagePlugin.py[line:135]DEBUG STREAM 'pHYs' 41 9
23 Apr 2017 17:24:29 PngImagePlugin.py[line:135]DEBUG STREAM 'iTXt' 62 14783
23 Apr 2017 17:24:29 PngImagePlugin.py[line:135]DEBUG STREAM 'cHRM' 14857 32
23 Apr 2017 17:24:29 PngImagePlugin.py[line:542]DEBUG 'cHRM' 14857 32 (unknown)
23 Apr 2017 17:24:29 PngImagePlugin.py[line:135]DEBUG STREAM 'IDAT' 14901 985602
23 Apr 2017 17:24:36 gemail2.py[line:75]INFO 邮件发送成功袁新宇:yuanxinyu@jd.com

23 Apr 2017 17:24:41 PngImagePlugin.py[line:135]DEBUG STREAM 'IHDR' 16 13
23 Apr 2017 17:24:41 PngImagePlugin.py[line:135]DEBUG STREAM 'pHYs' 41 9
23 Apr 2017 17:24:41 PngImagePlugin.py[line:135]DEBUG STREAM 'iTXt' 62 14783
23 Apr 2017 17:24:41 PngImagePlugin.py[line:135]DEBUG STREAM 'cHRM' 14857 32
23 Apr 2017 17:24:41 PngImagePlugin.py[line:542]DEBUG 'cHRM' 14857 32 (unknown)
23 Apr 2017 17:24:41 PngImagePlugin.py[line:135]DEBUG STREAM 'IDAT' 14901 985602
23 Apr 2017 17:24:56 gemail2.py[line:75]INFO 邮件发送成功吴晓惠:515717370@qq.com

23 Apr 2017 17:25:01 PngImagePlugin.py[line:135]DEBUG STREAM 'IHDR' 16 13
23 Apr 2017 17:25:01 PngImagePlugin.py[line:135]DEBUG STREAM 'pHYs' 41 9
23 Apr 2017 17:25:01 PngImagePlugin.py[line:135]DEBUG STREAM 'iTXt' 62 14783
23 Apr 2017 17:25:01 PngImagePlugin.py[line:135]DEBUG STREAM 'cHRM' 14857 32
23 Apr 2017 17:25:01 PngImagePlugin.py[line:542]DEBUG 'cHRM' 14857 32 (unknown)
23 Apr 2017 17:25:01 PngImagePlugin.py[line:135]DEBUG STREAM 'IDAT' 14901 985602
23 Apr 2017 17:25:09 gemail2.py[line:75]INFO 邮件发送成功王璐:wangl794@163.com

23 Apr 2017 17:25:14 PngImagePlugin.py[line:135]DEBUG STREAM 'IHDR' 16 13
23 Apr 2017 17:25:14 PngImagePlugin.py[line:135]DEBUG STREAM 'pHYs' 41 9
23 Apr 2017 17:25:14 PngImagePlugin.py[line:135]DEBUG STREAM 'iTXt' 62 14783
23 Apr 2017 17:25:14 PngImagePlugin.py[line:135]DEBUG STREAM 'cHRM' 14857 32
23 Apr 2017 17:25:14 PngImagePlugin.py[line:542]DEBUG 'cHRM' 14857 32 (unknown)
23 Apr 2017 17:25:14 PngImagePlugin.py[line:135]DEBUG STREAM 'IDAT' 14901 985602
23 Apr 2017 17:25:36 gemail2.py[line:75]INFO 邮件发送成功徐皎:121286517@qq.com

23 Apr 2017 17:25:41 PngImagePlugin.py[line:135]DEBUG STREAM 'IHDR' 16 13
23 Apr 2017 17:25:41 PngImagePlugin.py[line:135]DEBUG STREAM 'pHYs' 41 9
23 Apr 2017 17:25:41 PngImagePlugin.py[line:135]DEBUG STREAM 'iTXt' 62 14783
23 Apr 2017 17:25:41 PngImagePlugin.py[line:135]DEBUG STREAM 'cHRM' 14857 32
23 Apr 2017 17:25:41 PngImagePlugin.py[line:542]DEBUG 'cHRM' 14857 32 (unknown)
23 Apr 2017 17:25:41 PngImagePlugin.py[line:135]DEBUG STREAM 'IDAT' 14901 985602
23 Apr 2017 17:25:52 gemail2.py[line:75]INFO 邮件发送成功李园园:2585501811@qq.com

23 Apr 2017 17:25:57 PngImagePlugin.py[line:135]DEBUG STREAM 'IHDR' 16 13
23 Apr 2017 17:25:57 PngImagePlugin.py[line:135]DEBUG STREAM 'pHYs' 41 9
23 Apr 2017 17:25:57 PngImagePlugin.py[line:135]DEBUG STREAM 'iTXt' 62 14783
23 Apr 2017 17:25:57 PngImagePlugin.py[line:135]DEBUG STREAM 'cHRM' 14857 32
23 Apr 2017 17:25:57 PngImagePlugin.py[line:542]DEBUG 'cHRM' 14857 32 (unknown)
23 Apr 2017 17:25:57 PngImagePlugin.py[line:135]DEBUG STREAM 'IDAT' 14901 985602
23 Apr 2017 17:26:25 gemail2.py[line:75]INFO 邮件发送成功张凯丽:531216682@qq.com

23 Apr 2017 17:26:30 PngImagePlugin.py[line:135]DEBUG STREAM 'IHDR' 16 13
23 Apr 2017 17:26:30 PngImagePlugin.py[line:135]DEBUG STREAM 'pHYs' 41 9
23 Apr 2017 17:26:30 PngImagePlugin.py[line:135]DEBUG STREAM 'iTXt' 62 14783
23 Apr 2017 17:26:30 PngImagePlugin.py[line:135]DEBUG STREAM 'cHRM' 14857 32
23 Apr 2017 17:26:30 PngImagePlugin.py[line:542]DEBUG 'cHRM' 14857 32 (unknown)
23 Apr 2017 17:26:30 PngImagePlugin.py[line:135]DEBUG STREAM 'IDAT' 14901 985602
23 Apr 2017 17:26:48 gemail2.py[line:75]INFO 邮件发送成功李娟:lijuan@chinaetv.com

23 Apr 2017 17:26:54 PngImagePlugin.py[line:135]DEBUG STREAM 'IHDR' 16 13
23 Apr 2017 17:26:54 PngImagePlugin.py[line:135]DEBUG STREAM 'pHYs' 41 9
23 Apr 2017 17:26:54 PngImagePlugin.py[line:135]DEBUG STREAM 'iTXt' 62 14783
23 Apr 2017 17:26:54 PngImagePlugin.py[line:135]DEBUG STREAM 'cHRM' 14857 32
23 Apr 2017 17:26:54 PngImagePlugin.py[line:542]DEBUG 'cHRM' 14857 32 (unknown)
23 Apr 2017 17:26:54 PngImagePlugin.py[line:135]DEBUG STREAM 'IDAT' 14901 985602
23 Apr 2017 17:27:30 gemail2.py[line:75]INFO 邮件发送成功王利:wangli@chinaetv.com

